make --dry-run --always-make --keep-going --print-directory
make: Entering directory `/Users/aalseri/Desktop/pipex'
mkdir -p objs  objs/err  objs/utils
gcc -Wall -Wextra -Werror -I ./srcs -c srcs/err/error_handle.c -o objs/err/error_handle.o
 
mkdir -p objs  objs/err  objs/utils
gcc -Wall -Wextra -Werror -I ./srcs -c srcs/utils/main.c -o objs/utils/main.o
mkdir -p objs  objs/err  objs/utils
gcc -Wall -Wextra -Werror -I ./srcs -c srcs/utils/pipex_utils1.c -o objs/utils/pipex_utils1.o
mkdir -p objs  objs/err  objs/utils
gcc -Wall -Wextra -Werror -I ./srcs -c srcs/utils/pipex_utils2.c -o objs/utils/pipex_utils2.o
/Library/Developer/CommandLineTools/usr/bin/make --no-print-directory -C libft
 
echo "\033[1;95m     Preparing Libft...\033[0m       "
mkdir -p objs  objs/is  objs/to  objs/mem  objs/str  objs/put  objs/lst  objs/int  objs/memory  objs/ft_printf  objs/gnl
gcc  -I includes -c srcs/is/ft_isalnum.c -o objs/is/ft_isalnum.o
echo "\033[1;95m     Preparing Libft...\033[0m       "
mkdir -p objs  objs/is  objs/to  objs/mem  objs/str  objs/put  objs/lst  objs/int  objs/memory  objs/ft_printf  objs/gnl
gcc  -I includes -c srcs/is/ft_isalpha.c -o objs/is/ft_isalpha.o
echo "\033[1;95m     Preparing Libft...\033[0m       "
mkdir -p objs  objs/is  objs/to  objs/mem  objs/str  objs/put  objs/lst  objs/int  objs/memory  objs/ft_printf  objs/gnl
gcc  -I includes -c srcs/is/ft_isascii.c -o objs/is/ft_isascii.o
echo "\033[1;95m     Preparing Libft...\033[0m       "
mkdir -p objs  objs/is  objs/to  objs/mem  objs/str  objs/put  objs/lst  objs/int  objs/memory  objs/ft_printf  objs/gnl
gcc  -I includes -c srcs/is/ft_isdigit.c -o objs/is/ft_isdigit.o
echo "\033[1;95m     Preparing Libft...\033[0m       "
mkdir -p objs  objs/is  objs/to  objs/mem  objs/str  objs/put  objs/lst  objs/int  objs/memory  objs/ft_printf  objs/gnl
gcc  -I includes -c srcs/is/ft_isdigitneg.c -o objs/is/ft_isdigitneg.o
echo "\033[1;95m     Preparing Libft...\033[0m       "
mkdir -p objs  objs/is  objs/to  objs/mem  objs/str  objs/put  objs/lst  objs/int  objs/memory  objs/ft_printf  objs/gnl
gcc  -I includes -c srcs/is/ft_isprint.c -o objs/is/ft_isprint.o
echo "\033[1;95m     Preparing Libft...\033[0m       "
mkdir -p objs  objs/is  objs/to  objs/mem  objs/str  objs/put  objs/lst  objs/int  objs/memory  objs/ft_printf  objs/gnl
gcc  -I includes -c srcs/is/ft_isspace.c -o objs/is/ft_isspace.o
echo "\033[1;95m     Preparing Libft...\033[0m       "
mkdir -p objs  objs/is  objs/to  objs/mem  objs/str  objs/put  objs/lst  objs/int  objs/memory  objs/ft_printf  objs/gnl
gcc  -I includes -c srcs/to/ft_tolower.c -o objs/to/ft_tolower.o
echo "\033[1;95m     Preparing Libft...\033[0m       "
mkdir -p objs  objs/is  objs/to  objs/mem  objs/str  objs/put  objs/lst  objs/int  objs/memory  objs/ft_printf  objs/gnl
gcc  -I includes -c srcs/to/ft_toupper.c -o objs/to/ft_toupper.o
echo "\033[1;95m     Preparing Libft...\033[0m       "
mkdir -p objs  objs/is  objs/to  objs/mem  objs/str  objs/put  objs/lst  objs/int  objs/memory  objs/ft_printf  objs/gnl
gcc  -I includes -c srcs/mem/ft_memchr.c -o objs/mem/ft_memchr.o
echo "\033[1;95m     Preparing Libft...\033[0m       "
mkdir -p objs  objs/is  objs/to  objs/mem  objs/str  objs/put  objs/lst  objs/int  objs/memory  objs/ft_printf  objs/gnl
gcc  -I includes -c srcs/mem/ft_memcmp.c -o objs/mem/ft_memcmp.o
echo "\033[1;95m     Preparing Libft...\033[0m       "
mkdir -p objs  objs/is  objs/to  objs/mem  objs/str  objs/put  objs/lst  objs/int  objs/memory  objs/ft_printf  objs/gnl
gcc  -I includes -c srcs/mem/ft_memcpy.c -o objs/mem/ft_memcpy.o
echo "\033[1;95m     Preparing Libft...\033[0m       "
mkdir -p objs  objs/is  objs/to  objs/mem  objs/str  objs/put  objs/lst  objs/int  objs/memory  objs/ft_printf  objs/gnl
gcc  -I includes -c srcs/mem/ft_memmove.c -o objs/mem/ft_memmove.o
echo "\033[1;95m     Preparing Libft...\033[0m       "
mkdir -p objs  objs/is  objs/to  objs/mem  objs/str  objs/put  objs/lst  objs/int  objs/memory  objs/ft_printf  objs/gnl
gcc  -I includes -c srcs/mem/ft_memset.c -o objs/mem/ft_memset.o
echo "\033[1;95m     Preparing Libft...\033[0m       "
mkdir -p objs  objs/is  objs/to  objs/mem  objs/str  objs/put  objs/lst  objs/int  objs/memory  objs/ft_printf  objs/gnl
gcc  -I includes -c srcs/str/ft_split.c -o objs/str/ft_split.o
echo "\033[1;95m     Preparing Libft...\033[0m       "
mkdir -p objs  objs/is  objs/to  objs/mem  objs/str  objs/put  objs/lst  objs/int  objs/memory  objs/ft_printf  objs/gnl
gcc  -I includes -c srcs/str/ft_strcat.c -o objs/str/ft_strcat.o
echo "\033[1;95m     Preparing Libft...\033[0m       "
mkdir -p objs  objs/is  objs/to  objs/mem  objs/str  objs/put  objs/lst  objs/int  objs/memory  objs/ft_printf  objs/gnl
gcc  -I includes -c srcs/str/ft_strchr.c -o objs/str/ft_strchr.o
echo "\033[1;95m     Preparing Libft...\033[0m       "
mkdir -p objs  objs/is  objs/to  objs/mem  objs/str  objs/put  objs/lst  objs/int  objs/memory  objs/ft_printf  objs/gnl
gcc  -I includes -c srcs/str/ft_strdup.c -o objs/str/ft_strdup.o
echo "\033[1;95m     Preparing Libft...\033[0m       "
mkdir -p objs  objs/is  objs/to  objs/mem  objs/str  objs/put  objs/lst  objs/int  objs/memory  objs/ft_printf  objs/gnl
gcc  -I includes -c srcs/str/ft_striteri.c -o objs/str/ft_striteri.o
echo "\033[1;95m     Preparing Libft...\033[0m       "
mkdir -p objs  objs/is  objs/to  objs/mem  objs/str  objs/put  objs/lst  objs/int  objs/memory  objs/ft_printf  objs/gnl
gcc  -I includes -c srcs/str/ft_strjoin.c -o objs/str/ft_strjoin.o
echo "\033[1;95m     Preparing Libft...\033[0m       "
mkdir -p objs  objs/is  objs/to  objs/mem  objs/str  objs/put  objs/lst  objs/int  objs/memory  objs/ft_printf  objs/gnl
gcc  -I includes -c srcs/str/ft_strlcat.c -o objs/str/ft_strlcat.o
echo "\033[1;95m     Preparing Libft...\033[0m       "
mkdir -p objs  objs/is  objs/to  objs/mem  objs/str  objs/put  objs/lst  objs/int  objs/memory  objs/ft_printf  objs/gnl
gcc  -I includes -c srcs/str/ft_strlcpy.c -o objs/str/ft_strlcpy.o
echo "\033[1;95m     Preparing Libft...\033[0m       "
mkdir -p objs  objs/is  objs/to  objs/mem  objs/str  objs/put  objs/lst  objs/int  objs/memory  objs/ft_printf  objs/gnl
gcc  -I includes -c srcs/str/ft_strlen.c -o objs/str/ft_strlen.o
echo "\033[1;95m     Preparing Libft...\033[0m       "
mkdir -p objs  objs/is  objs/to  objs/mem  objs/str  objs/put  objs/lst  objs/int  objs/memory  objs/ft_printf  objs/gnl
gcc  -I includes -c srcs/str/ft_strmapi.c -o objs/str/ft_strmapi.o
echo "\033[1;95m     Preparing Libft...\033[0m       "
mkdir -p objs  objs/is  objs/to  objs/mem  objs/str  objs/put  objs/lst  objs/int  objs/memory  objs/ft_printf  objs/gnl
gcc  -I includes -c srcs/str/ft_strncmp.c -o objs/str/ft_strncmp.o
echo "\033[1;95m     Preparing Libft...\033[0m       "
mkdir -p objs  objs/is  objs/to  objs/mem  objs/str  objs/put  objs/lst  objs/int  objs/memory  objs/ft_printf  objs/gnl
gcc  -I includes -c srcs/str/ft_strnstr.c -o objs/str/ft_strnstr.o
echo "\033[1;95m     Preparing Libft...\033[0m       "
mkdir -p objs  objs/is  objs/to  objs/mem  objs/str  objs/put  objs/lst  objs/int  objs/memory  objs/ft_printf  objs/gnl
gcc  -I includes -c srcs/str/ft_strrchr.c -o objs/str/ft_strrchr.o
echo "\033[1;95m     Preparing Libft...\033[0m       "
mkdir -p objs  objs/is  objs/to  objs/mem  objs/str  objs/put  objs/lst  objs/int  objs/memory  objs/ft_printf  objs/gnl
gcc  -I includes -c srcs/str/ft_strtrim.c -o objs/str/ft_strtrim.o
echo "\033[1;95m     Preparing Libft...\033[0m       "
mkdir -p objs  objs/is  objs/to  objs/mem  objs/str  objs/put  objs/lst  objs/int  objs/memory  objs/ft_printf  objs/gnl
gcc  -I includes -c srcs/str/ft_substr.c -o objs/str/ft_substr.o
echo "\033[1;95m     Preparing Libft...\033[0m       "
mkdir -p objs  objs/is  objs/to  objs/mem  objs/str  objs/put  objs/lst  objs/int  objs/memory  objs/ft_printf  objs/gnl
gcc  -I includes -c srcs/put/ft_putchar_fd.c -o objs/put/ft_putchar_fd.o
echo "\033[1;95m     Preparing Libft...\033[0m       "
mkdir -p objs  objs/is  objs/to  objs/mem  objs/str  objs/put  objs/lst  objs/int  objs/memory  objs/ft_printf  objs/gnl
gcc  -I includes -c srcs/put/ft_putendl_fd.c -o objs/put/ft_putendl_fd.o
echo "\033[1;95m     Preparing Libft...\033[0m       "
mkdir -p objs  objs/is  objs/to  objs/mem  objs/str  objs/put  objs/lst  objs/int  objs/memory  objs/ft_printf  objs/gnl
gcc  -I includes -c srcs/put/ft_putnbr_fd.c -o objs/put/ft_putnbr_fd.o
echo "\033[1;95m     Preparing Libft...\033[0m       "
mkdir -p objs  objs/is  objs/to  objs/mem  objs/str  objs/put  objs/lst  objs/int  objs/memory  objs/ft_printf  objs/gnl
gcc  -I includes -c srcs/put/ft_putstr_fd.c -o objs/put/ft_putstr_fd.o
echo "\033[1;95m     Preparing Libft...\033[0m       "
mkdir -p objs  objs/is  objs/to  objs/mem  objs/str  objs/put  objs/lst  objs/int  objs/memory  objs/ft_printf  objs/gnl
 
gcc  -I includes -c srcs/lst/ft_lstadd_back.c -o objs/lst/ft_lstadd_back.o
echo "\033[1;95m     Preparing Libft...\033[0m       "
mkdir -p objs  objs/is  objs/to  objs/mem  objs/str  objs/put  objs/lst  objs/int  objs/memory  objs/ft_printf  objs/gnl
gcc  -I includes -c srcs/lst/ft_lstadd_front.c -o objs/lst/ft_lstadd_front.o
echo "\033[1;95m     Preparing Libft...\033[0m       "
mkdir -p objs  objs/is  objs/to  objs/mem  objs/str  objs/put  objs/lst  objs/int  objs/memory  objs/ft_printf  objs/gnl
gcc  -I includes -c srcs/lst/ft_lstclear.c -o objs/lst/ft_lstclear.o
echo "\033[1;95m     Preparing Libft...\033[0m       "
mkdir -p objs  objs/is  objs/to  objs/mem  objs/str  objs/put  objs/lst  objs/int  objs/memory  objs/ft_printf  objs/gnl
gcc  -I includes -c srcs/lst/ft_lstdelone.c -o objs/lst/ft_lstdelone.o
echo "\033[1;95m     Preparing Libft...\033[0m       "
mkdir -p objs  objs/is  objs/to  objs/mem  objs/str  objs/put  objs/lst  objs/int  objs/memory  objs/ft_printf  objs/gnl
gcc  -I includes -c srcs/lst/ft_lstiter.c -o objs/lst/ft_lstiter.o
echo "\033[1;95m     Preparing Libft...\033[0m       "
mkdir -p objs  objs/is  objs/to  objs/mem  objs/str  objs/put  objs/lst  objs/int  objs/memory  objs/ft_printf  objs/gnl
gcc  -I includes -c srcs/lst/ft_lstlast.c -o objs/lst/ft_lstlast.o
echo "\033[1;95m     Preparing Libft...\033[0m       "
mkdir -p objs  objs/is  objs/to  objs/mem  objs/str  objs/put  objs/lst  objs/int  objs/memory  objs/ft_printf  objs/gnl
gcc  -I includes -c srcs/lst/ft_lstmap.c -o objs/lst/ft_lstmap.o
echo "\033[1;95m     Preparing Libft...\033[0m       "
mkdir -p objs  objs/is  objs/to  objs/mem  objs/str  objs/put  objs/lst  objs/int  objs/memory  objs/ft_printf  objs/gnl
gcc  -I includes -c srcs/lst/ft_lstnew.c -o objs/lst/ft_lstnew.o
echo "\033[1;95m     Preparing Libft...\033[0m       "
mkdir -p objs  objs/is  objs/to  objs/mem  objs/str  objs/put  objs/lst  objs/int  objs/memory  objs/ft_printf  objs/gnl
gcc  -I includes -c srcs/lst/ft_lstsize.c -o objs/lst/ft_lstsize.o
 
echo "\033[1;95m     Preparing Libft...\033[0m       "
mkdir -p objs  objs/is  objs/to  objs/mem  objs/str  objs/put  objs/lst  objs/int  objs/memory  objs/ft_printf  objs/gnl
gcc  -I includes -c srcs/int/ft_atoi.c -o objs/int/ft_atoi.o
echo "\033[1;95m     Preparing Libft...\033[0m       "
mkdir -p objs  objs/is  objs/to  objs/mem  objs/str  objs/put  objs/lst  objs/int  objs/memory  objs/ft_printf  objs/gnl
gcc  -I includes -c srcs/int/ft_atoiof.c -o objs/int/ft_atoiof.o
echo "\033[1;95m     Preparing Libft...\033[0m       "
mkdir -p objs  objs/is  objs/to  objs/mem  objs/str  objs/put  objs/lst  objs/int  objs/memory  objs/ft_printf  objs/gnl
gcc  -I includes -c srcs/int/ft_itoa.c -o objs/int/ft_itoa.o
echo "\033[1;95m     Preparing Libft...\033[0m       "
mkdir -p objs  objs/is  objs/to  objs/mem  objs/str  objs/put  objs/lst  objs/int  objs/memory  objs/ft_printf  objs/gnl
gcc  -I includes -c srcs/memory/ft_bzero.c -o objs/memory/ft_bzero.o
echo "\033[1;95m     Preparing Libft...\033[0m       "
mkdir -p objs  objs/is  objs/to  objs/mem  objs/str  objs/put  objs/lst  objs/int  objs/memory  objs/ft_printf  objs/gnl
gcc  -I includes -c srcs/memory/ft_calloc.c -o objs/memory/ft_calloc.o
echo "\033[1;95m     Preparing Libft...\033[0m       "
mkdir -p objs  objs/is  objs/to  objs/mem  objs/str  objs/put  objs/lst  objs/int  objs/memory  objs/ft_printf  objs/gnl
gcc  -I includes -c srcs/memory/ft_free.c -o objs/memory/ft_free.o
echo "\033[1;95m     Preparing Libft...\033[0m       "
mkdir -p objs  objs/is  objs/to  objs/mem  objs/str  objs/put  objs/lst  objs/int  objs/memory  objs/ft_printf  objs/gnl
gcc  -I includes -c srcs/ft_printf/ft_crazy.c -o objs/ft_printf/ft_crazy.o
echo "\033[1;95m     Preparing Libft...\033[0m       "
mkdir -p objs  objs/is  objs/to  objs/mem  objs/str  objs/put  objs/lst  objs/int  objs/memory  objs/ft_printf  objs/gnl
gcc  -I includes -c srcs/ft_printf/ft_printf.c -o objs/ft_printf/ft_printf.o
echo "\033[1;95m     Preparing Libft...\033[0m       "
mkdir -p objs  objs/is  objs/to  objs/mem  objs/str  objs/put  objs/lst  objs/int  objs/memory  objs/ft_printf  objs/gnl
gcc  -I includes -c srcs/ft_printf/ft_putchar.c -o objs/ft_printf/ft_putchar.o
echo "\033[1;95m     Preparing Libft...\033[0m       "
mkdir -p objs  objs/is  objs/to  objs/mem  objs/str  objs/put  objs/lst  objs/int  objs/memory  objs/ft_printf  objs/gnl
gcc  -I includes -c srcs/ft_printf/ft_puthexa.c -o objs/ft_printf/ft_puthexa.o
echo "\033[1;95m     Preparing Libft...\033[0m       "
mkdir -p objs  objs/is  objs/to  objs/mem  objs/str  objs/put  objs/lst  objs/int  objs/memory  objs/ft_printf  objs/gnl
gcc  -I includes -c srcs/ft_printf/ft_putnbr.c -o objs/ft_printf/ft_putnbr.o
echo "\033[1;95m     Preparing Libft...\033[0m       "
mkdir -p objs  objs/is  objs/to  objs/mem  objs/str  objs/put  objs/lst  objs/int  objs/memory  objs/ft_printf  objs/gnl
gcc  -I includes -c srcs/ft_printf/ft_putnbr_base.c -o objs/ft_printf/ft_putnbr_base.o
echo "\033[1;95m     Preparing Libft...\033[0m       "
mkdir -p objs  objs/is  objs/to  objs/mem  objs/str  objs/put  objs/lst  objs/int  objs/memory  objs/ft_printf  objs/gnl
gcc  -I includes -c srcs/ft_printf/ft_putnbr_un.c -o objs/ft_printf/ft_putnbr_un.o
echo "\033[1;95m     Preparing Libft...\033[0m       "
mkdir -p objs  objs/is  objs/to  objs/mem  objs/str  objs/put  objs/lst  objs/int  objs/memory  objs/ft_printf  objs/gnl
gcc  -I includes -c srcs/ft_printf/ft_putpointer.c -o objs/ft_printf/ft_putpointer.o
echo "\033[1;95m     Preparing Libft...\033[0m       "
mkdir -p objs  objs/is  objs/to  objs/mem  objs/str  objs/put  objs/lst  objs/int  objs/memory  objs/ft_printf  objs/gnl
gcc  -I includes -c srcs/ft_printf/ft_putstr.c -o objs/ft_printf/ft_putstr.o
echo "\033[1;95m     Preparing Libft...\033[0m       "
mkdir -p objs  objs/is  objs/to  objs/mem  objs/str  objs/put  objs/lst  objs/int  objs/memory  objs/ft_printf  objs/gnl
gcc  -I includes -c srcs/gnl/get_next_line.c -o objs/gnl/get_next_line.o
echo "\033[1;95m     Preparing Libft...\033[0m       "
mkdir -p objs  objs/is  objs/to  objs/mem  objs/str  objs/put  objs/lst  objs/int  objs/memory  objs/ft_printf  objs/gnl
gcc  -I includes -c srcs/gnl/get_next_line_utils.c -o objs/gnl/get_next_line_utils.o
ar -rcs libft.a   objs/is/ft_isalnum.o  objs/is/ft_isalpha.o  objs/is/ft_isascii.o  objs/is/ft_isdigit.o  objs/is/ft_isdigitneg.o  objs/is/ft_isprint.o  objs/is/ft_isspace.o  objs/to/ft_tolower.o  objs/to/ft_toupper.o  objs/mem/ft_memchr.o  objs/mem/ft_memcmp.o  objs/mem/ft_memcpy.o  objs/mem/ft_memmove.o  objs/mem/ft_memset.o  objs/str/ft_split.o  objs/str/ft_strcat.o  objs/str/ft_strchr.o  objs/str/ft_strdup.o  objs/str/ft_striteri.o  objs/str/ft_strjoin.o  objs/str/ft_strlcat.o  objs/str/ft_strlcpy.o  objs/str/ft_strlen.o  objs/str/ft_strmapi.o  objs/str/ft_strncmp.o  objs/str/ft_strnstr.o  objs/str/ft_strrchr.o  objs/str/ft_strtrim.o  objs/str/ft_substr.o  objs/put/ft_putchar_fd.o  objs/put/ft_putendl_fd.o  objs/put/ft_putnbr_fd.o  objs/put/ft_putstr_fd.o  objs/lst/ft_lstadd_back.o  objs/lst/ft_lstadd_front.o  objs/lst/ft_lstclear.o  objs/lst/ft_lstdelone.o  objs/lst/ft_lstiter.o  objs/lst/ft_lstlast.o  objs/lst/ft_lstmap.o  objs/lst/ft_lstnew.o  objs/lst/ft_lstsize.o  objs/int/ft_atoi.o  objs/int/ft_atoiof.o  objs/int/ft_itoa.o  objs/memory/ft_bzero.o  objs/memory/ft_calloc.o  objs/memory/ft_free.o  objs/ft_printf/ft_crazy.o  objs/ft_printf/ft_printf.o  objs/ft_printf/ft_putchar.o  objs/ft_printf/ft_puthexa.o  objs/ft_printf/ft_putnbr.o  objs/ft_printf/ft_putnbr_base.o  objs/ft_printf/ft_putnbr_un.o  objs/ft_printf/ft_putpointer.o  objs/ft_printf/ft_putstr.o  objs/gnl/get_next_line.o  objs/gnl/get_next_line_utils.o
ranlib libft.a
echo "\033[1;92m      \nLibft is READY!\033[0m       "
gcc -Wall -Wextra -Werror   objs/err/error_handle.o  objs/utils/main.o  objs/utils/pipex_utils1.o  objs/utils/pipex_utils2.o -I ./srcs ./libft/libft.a -o pipex
echo "\033[1;93m     \nUseage \"./pipex (in_file) command command (out_file)\"\033[0m       "
make: Leaving directory `/Users/aalseri/Desktop/pipex'
 
