make all --print-data-base --no-builtin-variables --no-builtin-rules --question
# GNU Make 3.81
# Copyright (C) 2006  Free Software Foundation, Inc.
# This is free software; see the source for copying conditions.
# There is NO warranty; not even for MERCHANTABILITY or FITNESS FOR A
# PARTICULAR PURPOSE.

# This program built for i386-apple-darwin11.3.0
 
# GNU Make 3.81
# Copyright (C) 2006  Free Software Foundation, Inc.
# This is free software; see the source for copying conditions.
# There is NO warranty; not even for MERCHANTABILITY or FITNESS FOR A
# PARTICULAR PURPOSE.

# This program built for i386-apple-darwin11.3.0

# Make data base, printed on Tue Aug  9 11:18:41 2022

# Variables

# environment
VSCODE_GIT_ASKPASS_MAIN = /Users/aalseri/Applications/Visual Studio Code.app/Contents/Resources/app/extensions/git/dist/askpass-main.js
# automatic
<D = $(patsubst %/,%,$(dir $<))
# automatic
?F = $(notdir $?)
# environment
ELECTRON_NO_ATTACH_CONSOLE = 1
# makefile (from `Makefile', line 114)
On_IRed = \033[0;101m     
# environment
VSCODE_LOG_NATIVE = false
# makefile (from `Makefile', line 94)
IRed = \033[0;91m         
# automatic
?D = $(patsubst %/,%,$(dir $?))
# makefile (from `Makefile', line 24)
INCLUDES = -I includes
# automatic
@D = $(patsubst %/,%,$(dir $@))
# automatic
@F = $(notdir $@)
# makefile
CURDIR := /Users/aalseri/Desktop/pipex/libft
# makefile (from `Makefile', line 63)
Black = \033[0;30m        
# makefile
SHELL = /bin/sh
# makefile (from `Makefile', line 30)
RM = /bin/rm -f
# makefile (from `Makefile', line 106)
BIYellow = \033[1;93m     
# environment
VSCODE_NLS_CONFIG = {"locale":"en-us","availableLanguages":{},"_languagePackSupport":true}
# environment
_ = /usr/bin/make
# environment
__GIT_PROMPT_DIR = /Users/aalseri/.oh-my-zsh/zsh-git-prompt
# makefile (from `Makefile', line 65)
Green = \033[0;32m        
# makefile (from `Makefile', line 108)
BIPurple = \033[1;95m     
# makefile (from `Makefile', line 118)
On_IPurple = \033[10;95m  
# makefile (from `Makefile', line 70)
White = \033[0;37m        
# makefile (from `Makefile', line 67)
Blue = \033[0;34m         
# makefile (from `Makefile', line 1)
MAKEFILE_LIST :=  Makefile
# makefile (from `Makefile', line 21)
SRCS = $(foreach dir, $(SRCS_DIRS), $(wildcard $(dir)/*.c))
# makefile (from `Makefile', line 110)
BIWhite = \033[1;97m      
# environment
GIT_PROMPT_EXECUTABLE = python
# environment
VSCODE_VERBOSE_LOGGING = true
# makefile (from `Makefile', line 104)
BIRed = \033[1;91m        
# makefile (from `Makefile', line 22)
OBJS = $(subst $(DIR_SRCS), $(DIR_OBJS), $(SRCS:.c=.o))
# environment
VSCODE_IPC_HOOK_EXTHOST = /var/folders/zz/zyxvpxvq6csfxvn_n000ccbm00332x/T/vscode-ipc-f9c6241c-34d6-48e8-9a99-f8af6eb72e69.sock
# environment
VSCODE_CWD = /Users/aalseri/Desktop/pipex
# makefile (from `Makefile', line 95)
IGreen = \033[0;92m       
# makefile (from `Makefile', line 64)
Red = \033[0;31m         
# makefile (from `Makefile', line 100)
IWhite = \033[0;97m       
# environment
PATH = /Users/aalseri/goinfre/.brew/bin:/usr/local/bin:/usr/bin:/bin:/usr/sbin:/sbin:/usr/local/munki:/Users/aalseri/goinfre/.brew/bin:/Users/aalseri/Desktop/tools/42-ValgrindContainer:/Users/aalseri/Desktop/tools/42-ValgrindContainer
# makefile (from `Makefile', line 16)
DIR_OBJS = objs
# environment
LSCOLORS = Gxfxcxdxbxegedabagacad
# makefile (from `Makefile', line 116)
On_IYellow = \033[0;103m  
# makefile (from `Makefile', line 73)
BBlack = \033[1;30m       
# environment
VSCODE_LOG_STACK = false
# environment
ELECTRON_RUN_AS_NODE = 1
# default
.FEATURES := target-specific order-only second-expansion else-if archives jobserver check-symlink
# makefile (from `Makefile', line 75)
BGreen = \033[1;32m       
# makefile (from `Makefile', line 93)
IBlack = \033[0;90m       
# makefile (from `Makefile', line 79)
BCyan = \033[1;36m        
# makefile (from `Makefile', line 80)
BWhite = \033[1;37m       
# environment
SSH_AUTH_SOCK = /private/tmp/com.apple.launchd.NqmkkJHacE/Listeners
# makefile (from `Makefile', line 20)
OBJS_DIRS = $(foreach dir, $(SUBDIRS), $(addprefix $(DIR_OBJS)/, $(dir)))
# automatic
%F = $(notdir $%)
# environment
HOMEBREW_TEMP = /tmp/aalseri/Homebrew/Temp
# makefile (from `Makefile', line 77)
BBlue = \033[1;34m        
# environment
VSCODE_PIPE_LOGGING = true
# makefile (from `Makefile', line 99)
ICyan = \033[0;96m        
# makefile (from `Makefile', line 97)
IBlue = \033[0;94m        
# environment
PWD = /Users/aalseri/Desktop/pipex
# makefile (from `Makefile', line 76)
BYellow = \033[1;33m      
# makefile (from `Makefile', line 83)
On_Black = \033[40m       
# environment
ORIGINAL_XDG_CURRENT_DESKTOP = undefined
# makefile (from `Makefile', line 19)
SRCS_DIRS = $(foreach dir, $(SUBDIRS), $(addprefix $(DIR_SRCS)/, $(dir)))
# environment
VSCODE_AMD_ENTRYPOINT = vs/workbench/api/node/extensionHostProcess
# environment
HOME = /Users/aalseri
# default
MAKEFILEPATH = $(shell /usr/bin/xcode-select -print-path 2>/dev/null || echo /Developer)/Makefiles
# environment
VSCODE_CLI = 1
# makefile (from `Makefile', line 74)
BRed = \033[1;31m         
# environment
VSCODE_CODE_CACHE_PATH = /Users/aalseri/Library/Application Support/Code/CachedData/30d9c6cd9483b2cc586687151bcbcd635f373630
# environment
LOGNAME = aalseri
# environment
APPLICATION_INSIGHTS_NO_DIAGNOSTIC_CHANNEL = 1
# environment
ZSH = /Users/aalseri/.oh-my-zsh
# environment
VSCODE_HANDLES_UNCAUGHT_ERRORS = true
# automatic
^D = $(patsubst %/,%,$(dir $^))
# makefile (from `Makefile', line 68)
Purple = \033[0;35m       
# environment
MAKELEVEL := 1
# environment
XPC_FLAGS = 0x0
# environment
COLORTERM = truecolor
# default
MAKE = $(MAKE_COMMAND)
# environment
HOMEBREW_CACHE = /tmp/aalseri/Homebrew/Caches
# environment
SHLVL = 3
# makefile (from `Makefile', line 89)
On_Cyan = \033[46m        
# makefile (from `Makefile', line 26)
CC = gcc
# makefile (from `Makefile', line 15)
DIR_SRCS = srcs
# default
MAKE_VERSION := 3.81
# makefile (from `Makefile', line 78)
BPurple = \033[1;35m      
# environment
USER = aalseri
# makefile (from `Makefile', line 84)
On_Red = \033[41m         
# makefile (from `Makefile', line 98)
IPurple = \033[0;95m      
# makefile
.DEFAULT_GOAL := all
# makefile (from `Makefile', line 13)
NAME = libft.a
# makefile (from `Makefile', line 88)
On_Purple = \033[45m      
# environment
LESS = -R
# automatic
%D = $(patsubst %/,%,$(dir $%))
# makefile (from `Makefile', line 103)
BIBlack = \033[1;90m      
# makefile (from `Makefile', line 109)
BICyan = \033[1;96m       
# default
MAKE_COMMAND := /Library/Developer/CommandLineTools/usr/bin/make
# environment
VSCODE_GIT_ASKPASS_EXTRA_ARGS = --ms-enable-electron-run-as-node
# makefile (from `Makefile', line 86)
On_Yellow = \033[43m      
# environment
TERM_PROGRAM = vscode
# default
.VARIABLES := 
# environment
TMPDIR = /var/folders/zz/zyxvpxvq6csfxvn_n000ccbm00332x/T/
# automatic
*F = $(notdir $*)
# environment
VSCODE_IPC_HOOK = /Users/aalseri/Library/Application Support/Code/1.68.1-main.sock
# environment
VSCODE_GIT_ASKPASS_NODE = /Users/aalseri/Applications/Visual Studio Code.app/Contents/Frameworks/Code Helper.app/Contents/MacOS/Code Helper
# makefile
MAKEFLAGS =  --no-print-directory -Rrqp
# makefile (from `Makefile', line 87)
On_Blue = \033[44m        
# environment
MFLAGS = - --no-print-directory -Rrqp
# automatic
*D = $(patsubst %/,%,$(dir $*))
# environment
TERM_PROGRAM_VERSION = 1.68.1
# makefile (from `Makefile', line 115)
On_IGreen = \033[0;102m   
# environment
XPC_SERVICE_NAME = 0
# automatic
+D = $(patsubst %/,%,$(dir $+))
# makefile (from `Makefile', line 120)
On_IWhite = \033[0;107m   
# automatic
+F = $(notdir $+)
# makefile (from `Makefile', line 66)
Yellow = \033[0;33m       
# environment
__CF_USER_TEXT_ENCODING = 0x18C5D:0x0:0x0
# environment
GIT_ASKPASS = /Users/aalseri/Applications/Visual Studio Code.app/Contents/Resources/app/extensions/git/dist/askpass.sh
# default
MAKEFILES := 
# automatic
<F = $(notdir $<)
# makefile (from `Makefile', line 69)
Cyan = \033[0;36m         
# makefile (from `Makefile', line 60)
Color_Off = \033[0m       
# environment
PAGER = less
# environment
LC_ALL = C
# makefile (from `Makefile', line 113)
On_IBlack = \033[0;100m   
# automatic
^F = $(notdir $^)
# makefile (from `Makefile', line 105)
BIGreen = \033[1;92m      
# default
SUFFIXES := 
# makefile (from `Makefile', line 28)
FLAGS = -Wall -Wextra -Werror
# makefile (from `Makefile', line 119)
On_ICyan = \033[0;106m    
# makefile (from `Makefile', line 117)
On_IBlue = \033[0;104m    
# default
 
.INCLUDE_DIRS = /usr/local/include
# environment
VSCODE_GIT_IPC_HANDLE = /var/folders/zz/zyxvpxvq6csfxvn_n000ccbm00332x/T/vscode-git-bf9f8d3cc1.sock
# makefile (from `Makefile', line 96)
IYellow = \033[0;93m      
# makefile (from `Makefile', line 17)
SUBDIRS = is to mem str put lst int memory ft_printf gnl
# environment
LANG = C
# environment
TERM = xterm-256color
# makefile (from `Makefile', line 85)
On_Green = \033[42m      
# environment
VSCODE_PID = 43870
# makefile (from `Makefile', line 90)
On_White = \033[47m       
# makefile (from `Makefile', line 107)
BIBlue = \033[1;94m       
# variable set hash-table stats:
# Load=139/1024=14%, Rehash=0, Collisions=25/185=14%

# Pattern-specific Variable Values

# No pattern-specific variable values.

# Directories

# . (device 16777225, inode 877567): 8 files, no impossibilities.
# srcs/is (device 16777225, inode 933485): 9 files, no impossibilities.
# srcs/memory (device 16777225, inode 933936): 5 files, no impossibilities.
# srcs/str (device 16777225, inode 933471): 17 files, no impossibilities.
# srcs/gnl (device 16777225, inode 877684): 4 files, no impossibilities.
# srcs/put (device 16777225, inode 933497): 6 files, no impossibilities.
# srcs/lst (device 16777225, inode 933897): 11 files, no impossibilities.
# srcs/mem (device 16777225, inode 933478): 7 files, no impossibilities.
# srcs/int (device 16777225, inode 933952): 5 files, no impossibilities.
# srcs/to (device 16777225, inode 933492): 4 files, no impossibilities.
# srcs (device 16777225, inode 933866): No files, no impossibilities so far.
# srcs/ft_printf (device 16777225, inode 877622): 11 files, no impossibilities.

# 87 files, no impossibilities in 12 directories.

# Implicit Rules

objs/%.o: srcs/%.c
#  commands to execute (from `Makefile', line 34):
	@echo "${BIPurple}Preparing Libft...${Color_Off}"
	@mkdir -p $(DIR_OBJS) $(OBJS_DIRS)
	@$(CC) $(CFLAGS) $(INCLUDES) -c $< -o $@
	

# 1 implicit rules, 0 (0.0%) terminal.

# Files

objs/str/ft_strrchr.o: srcs/str/ft_strrchr.c
#  Implicit rule search has been done.
#  Implicit/static pattern stem: `str/ft_strrchr'
#  Last modified 2022-07-21 14:43:32
#  File has been updated.
#  Successfully updated.
# variable set hash-table stats:
# Load=0/32=0%, Rehash=0, Collisions=0/0=0%
#  commands to execute (from `Makefile', line 34):
	@echo "${BIPurple}Preparing Libft...${Color_Off}"
	@mkdir -p $(DIR_OBJS) $(OBJS_DIRS)
	@$(CC) $(CFLAGS) $(INCLUDES) -c $< -o $@
	

objs/gnl/get_next_line_utils.o: srcs/gnl/get_next_line_utils.c
#  Implicit rule search has been done.
#  Implicit/static pattern stem: `gnl/get_next_line_utils'
#  Last modified 2022-07-21 14:43:33
#  File has been updated.
#  Successfully updated.
# variable set hash-table stats:
# Load=0/32=0%, Rehash=0, Collisions=0/0=0%
#  commands to execute (from `Makefile', line 34):
	@echo "${BIPurple}Preparing Libft...${Color_Off}"
	@mkdir -p $(DIR_OBJS) $(OBJS_DIRS)
	@$(CC) $(CFLAGS) $(INCLUDES) -c $< -o $@
	

# Not a target:
srcs/lst/ft_lstadd_back.c:
#  Implicit rule search has been done.
#  Last modified 2022-07-16 14:55:17
#  File has been updated.
#  Successfully updated.
# variable set hash-table stats:
# Load=0/32=0%, Rehash=0, Collisions=0/0=0%

# Not a target:
srcs/is/ft_isprint.c:
#  Implicit rule search has been done.
#  Last modified 2022-07-16 14:55:17
#  File has been updated.
#  Successfully updated.
# variable set hash-table stats:
# Load=0/32=0%, Rehash=0, Collisions=0/0=0%

objs/str/ft_strjoin.o: srcs/str/ft_strjoin.c
#  Implicit rule search has been done.
#  Implicit/static pattern stem: `str/ft_strjoin'
#  Last modified 2022-07-21 14:43:31
#  File has been updated.
#  Successfully updated.
# variable set hash-table stats:
# Load=0/32=0%, Rehash=0, Collisions=0/0=0%
#  commands to execute (from `Makefile', line 34):
	@echo "${BIPurple}Preparing Libft...${Color_Off}"
	@mkdir -p $(DIR_OBJS) $(OBJS_DIRS)
	@$(CC) $(CFLAGS) $(INCLUDES) -c $< -o $@
	

objs/str/ft_split.o: srcs/str/ft_split.c
#  Implicit rule search has been done.
#  Implicit/static pattern stem: `str/ft_split'
#  Last modified 2022-07-21 14:43:31
#  File has been updated.
#  Successfully updated.
# variable set hash-table stats:
# Load=0/32=0%, Rehash=0, Collisions=0/0=0%
#  commands to execute (from `Makefile', line 34):
	@echo "${BIPurple}Preparing Libft...${Color_Off}"
	@mkdir -p $(DIR_OBJS) $(OBJS_DIRS)
	@$(CC) $(CFLAGS) $(INCLUDES) -c $< -o $@
	

# Not a target:
srcs/str/ft_strmapi.c:
#  Implicit rule search has been done.
#  Last modified 2022-07-16 14:55:17
#  File has been updated.
#  Successfully updated.
# variable set hash-table stats:
# Load=0/32=0%, Rehash=0, Collisions=0/0=0%

objs/put/ft_putnbr_fd.o: srcs/put/ft_putnbr_fd.c
#  Implicit rule search has been done.
#  Implicit/static pattern stem: `put/ft_putnbr_fd'
#  Last modified 2022-07-21 14:43:32
#  File has been updated.
#  Successfully updated.
# variable set hash-table stats:
# Load=0/32=0%, Rehash=0, Collisions=0/0=0%
#  commands to execute (from `Makefile', line 34):
	@echo "${BIPurple}Preparing Libft...${Color_Off}"
	@mkdir -p $(DIR_OBJS) $(OBJS_DIRS)
	@$(CC) $(CFLAGS) $(INCLUDES) -c $< -o $@
	

# Not a target:
srcs/lst/ft_lstiter.c:
#  Implicit rule search has been done.
#  Last modified 2022-07-16 14:55:17
#  File has been updated.
#  Successfully updated.
# variable set hash-table stats:
# Load=0/32=0%, Rehash=0, Collisions=0/0=0%

objs/str/ft_strlcat.o: srcs/str/ft_strlcat.c
#  Implicit rule search has been done.
#  Implicit/static pattern stem: `str/ft_strlcat'
#  Last modified 2022-07-21 14:43:31
#  File has been updated.
#  Successfully updated.
# variable set hash-table stats:
# Load=0/32=0%, Rehash=0, Collisions=0/0=0%
#  commands to execute (from `Makefile', line 34):
	@echo "${BIPurple}Preparing Libft...${Color_Off}"
	@mkdir -p $(DIR_OBJS) $(OBJS_DIRS)
	@$(CC) $(CFLAGS) $(INCLUDES) -c $< -o $@
	

objs/ft_printf/ft_printf.o: srcs/ft_printf/ft_printf.c
#  Implicit rule search has been done.
#  Implicit/static pattern stem: `ft_printf/ft_printf'
#  Last modified 2022-07-21 14:43:33
#  File has been updated.
#  Successfully updated.
# variable set hash-table stats:
# Load=0/32=0%, Rehash=0, Collisions=0/0=0%
#  commands to execute (from `Makefile', line 34):
	@echo "${BIPurple}Preparing Libft...${Color_Off}"
	@mkdir -p $(DIR_OBJS) $(OBJS_DIRS)
	@$(CC) $(CFLAGS) $(INCLUDES) -c $< -o $@
	

objs/is/ft_isalpha.o: srcs/is/ft_isalpha.c
#  Implicit rule search has been done.
#  Implicit/static pattern stem: `is/ft_isalpha'
#  Last modified 2022-07-21 14:43:31
#  File has been updated.
#  Successfully updated.
# variable set hash-table stats:
# Load=0/32=0%, Rehash=0, Collisions=0/0=0%
#  commands to execute (from `Makefile', line 34):
	@echo "${BIPurple}Preparing Libft...${Color_Off}"
	@mkdir -p $(DIR_OBJS) $(OBJS_DIRS)
	@$(CC) $(CFLAGS) $(INCLUDES) -c $< -o $@
	

objs/ft_printf/ft_putnbr_base.o: srcs/ft_printf/ft_putnbr_base.c
#  Implicit rule search has been done.
#  Implicit/static pattern stem: `ft_printf/ft_putnbr_base'
#  Last modified 2022-07-21 14:43:33
#  File has been updated.
#  Successfully updated.
# variable set hash-table stats:
# Load=0/32=0%, Rehash=0, Collisions=0/0=0%
#  commands to execute (from `Makefile', line 34):
	@echo "${BIPurple}Preparing Libft...${Color_Off}"
	@mkdir -p $(DIR_OBJS) $(OBJS_DIRS)
	@$(CC) $(CFLAGS) $(INCLUDES) -c $< -o $@
	

# Not a target:
srcs/str/ft_strlen.c:
#  Implicit rule search has been done.
#  Last modified 2022-07-16 14:55:17
#  File has been updated.
#  Successfully updated.
# variable set hash-table stats:
# Load=0/32=0%, Rehash=0, Collisions=0/0=0%

objs/ft_printf/ft_puthexa.o: srcs/ft_printf/ft_puthexa.c
#  Implicit rule search has been done.
#  Implicit/static pattern stem: `ft_printf/ft_puthexa'
#  Last modified 2022-07-21 14:43:33
#  File has been updated.
#  Successfully updated.
# variable set hash-table stats:
# Load=0/32=0%, Rehash=0, Collisions=0/0=0%
#  commands to execute (from `Makefile', line 34):
	@echo "${BIPurple}Preparing Libft...${Color_Off}"
	@mkdir -p $(DIR_OBJS) $(OBJS_DIRS)
	@$(CC) $(CFLAGS) $(INCLUDES) -c $< -o $@
	

all: libft.a
#  Implicit rule search has been done.
#  File does not exist.
 
#  File has been updated.
#  Successfully updated.
# variable set hash-table stats:
# Load=0/32=0%, Rehash=0, Collisions=0/0=0%

objs/to/ft_tolower.o: srcs/to/ft_tolower.c
#  Implicit rule search has been done.
#  Implicit/static pattern stem: `to/ft_tolower'
#  Last modified 2022-07-21 14:43:31
#  File has been updated.
#  Successfully updated.
# variable set hash-table stats:
# Load=0/32=0%, Rehash=0, Collisions=0/0=0%
#  commands to execute (from `Makefile', line 34):
	@echo "${BIPurple}Preparing Libft...${Color_Off}"
	@mkdir -p $(DIR_OBJS) $(OBJS_DIRS)
	@$(CC) $(CFLAGS) $(INCLUDES) -c $< -o $@
	

objs/str/ft_strcat.o: srcs/str/ft_strcat.c
#  Implicit rule search has been done.
#  Implicit/static pattern stem: `str/ft_strcat'
#  Last modified 2022-07-21 14:43:31
#  File has been updated.
#  Successfully updated.
# variable set hash-table stats:
# Load=0/32=0%, Rehash=0, Collisions=0/0=0%
#  commands to execute (from `Makefile', line 34):
	@echo "${BIPurple}Preparing Libft...${Color_Off}"
	@mkdir -p $(DIR_OBJS) $(OBJS_DIRS)
	@$(CC) $(CFLAGS) $(INCLUDES) -c $< -o $@
	

# Not a target:
srcs/gnl/get_next_line.c:
#  Implicit rule search has been done.
#  Last modified 2022-07-16 14:55:49
#  File has been updated.
#  Successfully updated.
# variable set hash-table stats:
# Load=0/32=0%, Rehash=0, Collisions=0/0=0%

objs/ft_printf/ft_putnbr_un.o: srcs/ft_printf/ft_putnbr_un.c
#  Implicit rule search has been done.
#  Implicit/static pattern stem: `ft_printf/ft_putnbr_un'
#  Last modified 2022-07-21 14:43:33
#  File has been updated.
#  Successfully updated.
# variable set hash-table stats:
# Load=0/32=0%, Rehash=0, Collisions=0/0=0%
#  commands to execute (from `Makefile', line 34):
	@echo "${BIPurple}Preparing Libft...${Color_Off}"
	@mkdir -p $(DIR_OBJS) $(OBJS_DIRS)
	@$(CC) $(CFLAGS) $(INCLUDES) -c $< -o $@
	

# Not a target:
srcs/lst/ft_lstlast.c:
#  Implicit rule search has been done.
#  Last modified 2022-07-16 14:55:17
#  File has been updated.
#  Successfully updated.
# variable set hash-table stats:
# Load=0/32=0%, Rehash=0, Collisions=0/0=0%

objs/ft_printf/ft_putnbr.o: srcs/ft_printf/ft_putnbr.c
#  Implicit rule search has been done.
#  Implicit/static pattern stem: `ft_printf/ft_putnbr'
#  Last modified 2022-07-21 14:43:33
#  File has been updated.
#  Successfully updated.
# variable set hash-table stats:
# Load=0/32=0%, Rehash=0, Collisions=0/0=0%
#  commands to execute (from `Makefile', line 34):
	@echo "${BIPurple}Preparing Libft...${Color_Off}"
	@mkdir -p $(DIR_OBJS) $(OBJS_DIRS)
	@$(CC) $(CFLAGS) $(INCLUDES) -c $< -o $@
	

objs/lst/ft_lstdelone.o: srcs/lst/ft_lstdelone.c
#  Implicit rule search has been done.
#  Implicit/static pattern stem: `lst/ft_lstdelone'
#  Last modified 2022-07-21 14:43:32
#  File has been updated.
#  Successfully updated.
# variable set hash-table stats:
# Load=0/32=0%, Rehash=0, Collisions=0/0=0%
#  commands to execute (from `Makefile', line 34):
	@echo "${BIPurple}Preparing Libft...${Color_Off}"
	@mkdir -p $(DIR_OBJS) $(OBJS_DIRS)
	@$(CC) $(CFLAGS) $(INCLUDES) -c $< -o $@
	

objs/str/ft_striteri.o: srcs/str/ft_striteri.c
#  Implicit rule search has been done.
#  Implicit/static pattern stem: `str/ft_striteri'
#  Last modified 2022-07-21 14:43:31
#  File has been updated.
#  Successfully updated.
# variable set hash-table stats:
# Load=0/32=0%, Rehash=0, Collisions=0/0=0%
#  commands to execute (from `Makefile', line 34):
	@echo "${BIPurple}Preparing Libft...${Color_Off}"
	@mkdir -p $(DIR_OBJS) $(OBJS_DIRS)
	@$(CC) $(CFLAGS) $(INCLUDES) -c $< -o $@
	

# Not a target:
srcs/str/ft_strrchr.c:
#  Implicit rule search has been done.
#  Last modified 2022-07-16 14:55:17
#  File has been updated.
#  Successfully updated.
# variable set hash-table stats:
# Load=0/32=0%, Rehash=0, Collisions=0/0=0%

objs/is/ft_isalnum.o: srcs/is/ft_isalnum.c
#  Implicit rule search has been done.
#  Implicit/static pattern stem: `is/ft_isalnum'
#  Last modified 2022-07-21 14:43:30
#  File has been updated.
#  Successfully updated.
# variable set hash-table stats:
# Load=0/32=0%, Rehash=0, Collisions=0/0=0%
#  commands to execute (from `Makefile', line 34):
	@echo "${BIPurple}Preparing Libft...${Color_Off}"
	@mkdir -p $(DIR_OBJS) $(OBJS_DIRS)
	@$(CC) $(CFLAGS) $(INCLUDES) -c $< -o $@
	

# Not a target:
srcs/str/ft_strjoin.c:
#  Implicit rule search has been done.
#  Last modified 2022-07-16 14:55:17
#  File has been updated.
#  Successfully updated.
# variable set hash-table stats:
# Load=0/32=0%, Rehash=0, Collisions=0/0=0%

# Not a target:
srcs/str/ft_split.c:
#  Implicit rule search has been done.
#  Last modified 2022-07-16 14:55:17
#  File has been updated.
#  Successfully updated.
# variable set hash-table stats:
# Load=0/32=0%, Rehash=0, Collisions=0/0=0%

# Not a target:
srcs/put/ft_putnbr_fd.c:
#  Implicit rule search has been done.
#  Last modified 2022-07-16 14:55:17
#  File has been updated.
#  Successfully updated.
# variable set hash-table stats:
# Load=0/32=0%, Rehash=0, Collisions=0/0=0%

objs/lst/ft_lstnew.o: srcs/lst/ft_lstnew.c
#  Implicit rule search has been done.
#  Implicit/static pattern stem: `lst/ft_lstnew'
#  Last modified 2022-07-21 14:43:32
#  File has been updated.
#  Successfully updated.
# variable set hash-table stats:
# Load=0/32=0%, Rehash=0, Collisions=0/0=0%
#  commands to execute (from `Makefile', line 34):
	@echo "${BIPurple}Preparing Libft...${Color_Off}"
	@mkdir -p $(DIR_OBJS) $(OBJS_DIRS)
	@$(CC) $(CFLAGS) $(INCLUDES) -c $< -o $@
	

objs/int/ft_atoiof.o: srcs/int/ft_atoiof.c
#  Implicit rule search has been done.
#  Implicit/static pattern stem: `int/ft_atoiof'
#  Last modified 2022-07-21 14:43:32
#  File has been updated.
#  Successfully updated.
# variable set hash-table stats:
# Load=0/32=0%, Rehash=0, Collisions=0/0=0%
#  commands to execute (from `Makefile', line 34):
	@echo "${BIPurple}Preparing Libft...${Color_Off}"
	@mkdir -p $(DIR_OBJS) $(OBJS_DIRS)
	@$(CC) $(CFLAGS) $(INCLUDES) -c $< -o $@
	

# Not a target:
.SUFFIXES:
#  Implicit rule search has not been done.
#  Modification time never checked.
#  File has not been updated.

# Not a target:
srcs/str/ft_strlcat.c:
#  Implicit rule search has been done.
#  Last modified 2022-07-16 14:55:17
#  File has been updated.
#  Successfully updated.
# variable set hash-table stats:
# Load=0/32=0%, Rehash=0, Collisions=0/0=0%

# Not a target:
srcs/gnl/get_next_line_utils.c:
#  Implicit rule search has been done.
#  Last modified 2022-07-16 14:55:52
#  File has been updated.
#  Successfully updated.
# variable set hash-table stats:
# Load=0/32=0%, Rehash=0, Collisions=0/0=0%

# Not a target:
srcs/is/ft_isalpha.c:
#  Implicit rule search has been done.
#  Last modified 2022-07-16 14:55:17
#  File has been updated.
#  Successfully updated.
# variable set hash-table stats:
# Load=0/32=0%, Rehash=0, Collisions=0/0=0%

# Not a target:
srcs/ft_printf/ft_putnbr_base.c:
#  Implicit rule search has been done.
#  Last modified 2022-07-16 14:56:06
#  File has been updated.
#  Successfully updated.
# variable set hash-table stats:
# Load=0/32=0%, Rehash=0, Collisions=0/0=0%

# Not a target:
Makefile:
#  Implicit rule search has been done.
#  Last modified 2022-07-16 14:55:17
#  File has been updated.
#  Successfully updated.
# variable set hash-table stats:
# Load=0/32=0%, Rehash=0, Collisions=0/0=0%

objs/ft_printf/ft_crazy.o: srcs/ft_printf/ft_crazy.c
#  Implicit rule search has been done.
#  Implicit/static pattern stem: `ft_printf/ft_crazy'
#  Last modified 2022-07-21 14:43:33
#  File has been updated.
#  Successfully updated.
# variable set hash-table stats:
# Load=0/32=0%, Rehash=0, Collisions=0/0=0%
#  commands to execute (from `Makefile', line 34):
	@echo "${BIPurple}Preparing Libft...${Color_Off}"
	@mkdir -p $(DIR_OBJS) $(OBJS_DIRS)
	@$(CC) $(CFLAGS) $(INCLUDES) -c $< -o $@
	

# Not a target:
srcs/ft_printf/ft_puthexa.c:
#  Implicit rule search has been done.
#  Last modified 2022-07-16 14:56:08
#  File has been updated.
#  Successfully updated.
# variable set hash-table stats:
# Load=0/32=0%, Rehash=0, Collisions=0/0=0%

# Not a target:
srcs/to/ft_tolower.c:
#  Implicit rule search has been done.
#  Last modified 2022-07-16 14:55:17
 
#  File has been updated.
#  Successfully updated.
# variable set hash-table stats:
# Load=0/32=0%, Rehash=0, Collisions=0/0=0%

# Not a target:
srcs/str/ft_strcat.c:
#  Implicit rule search has been done.
#  Last modified 2022-07-16 14:55:17
#  File has been updated.
#  Successfully updated.
# variable set hash-table stats:
# Load=0/32=0%, Rehash=0, Collisions=0/0=0%

libft.a: objs/is/ft_isalnum.o objs/is/ft_isalpha.o objs/is/ft_isascii.o objs/is/ft_isdigit.o objs/is/ft_isdigitneg.o objs/is/ft_isprint.o objs/is/ft_isspace.o objs/to/ft_tolower.o objs/to/ft_toupper.o objs/mem/ft_memchr.o objs/mem/ft_memcmp.o objs/mem/ft_memcpy.o objs/mem/ft_memmove.o objs/mem/ft_memset.o objs/str/ft_split.o objs/str/ft_strcat.o objs/str/ft_strchr.o objs/str/ft_strdup.o objs/str/ft_striteri.o objs/str/ft_strjoin.o objs/str/ft_strlcat.o objs/str/ft_strlcpy.o objs/str/ft_strlen.o objs/str/ft_strmapi.o objs/str/ft_strncmp.o objs/str/ft_strnstr.o objs/str/ft_strrchr.o objs/str/ft_strtrim.o objs/str/ft_substr.o objs/put/ft_putchar_fd.o objs/put/ft_putendl_fd.o objs/put/ft_putnbr_fd.o objs/put/ft_putstr_fd.o objs/lst/ft_lstadd_back.o objs/lst/ft_lstadd_front.o objs/lst/ft_lstclear.o objs/lst/ft_lstdelone.o objs/lst/ft_lstiter.o objs/lst/ft_lstlast.o objs/lst/ft_lstmap.o objs/lst/ft_lstnew.o objs/lst/ft_lstsize.o objs/int/ft_atoi.o objs/int/ft_atoiof.o objs/int/ft_itoa.o objs/memory/ft_bzero.o objs/memory/ft_calloc.o objs/memory/ft_free.o objs/ft_printf/ft_crazy.o objs/ft_printf/ft_printf.o objs/ft_printf/ft_putchar.o objs/ft_printf/ft_puthexa.o objs/ft_printf/ft_putnbr.o objs/ft_printf/ft_putnbr_base.o objs/ft_printf/ft_putnbr_un.o objs/ft_printf/ft_putpointer.o objs/ft_printf/ft_putstr.o objs/gnl/get_next_line.o objs/gnl/get_next_line_utils.o
#  Implicit rule search has not been done.
#  Last modified 2022-07-21 14:43:33
#  File has been updated.
#  Successfully updated.
# variable set hash-table stats:
# Load=0/32=0%, Rehash=0, Collisions=0/0=0%
#  commands to execute (from `Makefile', line 41):
	@ar -rcs $(NAME) $(OBJS)
	@ranlib $(NAME)
	@echo "${BIGreen}\nLibft is READY!${Color_Off}"
	

objs/memory/ft_bzero.o: srcs/memory/ft_bzero.c
#  Implicit rule search has been done.
#  Implicit/static pattern stem: `memory/ft_bzero'
#  Last modified 2022-07-21 14:43:33
#  File has been updated.
#  Successfully updated.
# variable set hash-table stats:
# Load=0/32=0%, Rehash=0, Collisions=0/0=0%
#  commands to execute (from `Makefile', line 34):
	@echo "${BIPurple}Preparing Libft...${Color_Off}"
	@mkdir -p $(DIR_OBJS) $(OBJS_DIRS)
	@$(CC) $(CFLAGS) $(INCLUDES) -c $< -o $@
	

objs/int/ft_atoi.o: srcs/int/ft_atoi.c
#  Implicit rule search has been done.
#  Implicit/static pattern stem: `int/ft_atoi'
#  Last modified 2022-07-21 14:43:32
#  File has been updated.
#  Successfully updated.
# variable set hash-table stats:
# Load=0/32=0%, Rehash=0, Collisions=0/0=0%
#  commands to execute (from `Makefile', line 34):
	@echo "${BIPurple}Preparing Libft...${Color_Off}"
	@mkdir -p $(DIR_OBJS) $(OBJS_DIRS)
	@$(CC) $(CFLAGS) $(INCLUDES) -c $< -o $@
	

objs/str/ft_substr.o: srcs/str/ft_substr.c
#  Implicit rule search has been done.
#  Implicit/static pattern stem: `str/ft_substr'
#  Last modified 2022-07-21 14:43:32
#  File has been updated.
#  Successfully updated.
# variable set hash-table stats:
# Load=0/32=0%, Rehash=0, Collisions=0/0=0%
#  commands to execute (from `Makefile', line 34):
	@echo "${BIPurple}Preparing Libft...${Color_Off}"
	@mkdir -p $(DIR_OBJS) $(OBJS_DIRS)
	@$(CC) $(CFLAGS) $(INCLUDES) -c $< -o $@
	

# Not a target:
srcs/ft_printf/ft_putnbr_un.c:
#  Implicit rule search has been done.
#  Last modified 2022-07-16 14:56:04
#  File has been updated.
#  Successfully updated.
# variable set hash-table stats:
# Load=0/32=0%, Rehash=0, Collisions=0/0=0%

objs/mem/ft_memmove.o: srcs/mem/ft_memmove.c
#  Implicit rule search has been done.
#  Implicit/static pattern stem: `mem/ft_memmove'
#  Last modified 2022-07-21 14:43:31
#  File has been updated.
#  Successfully updated.
# variable set hash-table stats:
# Load=0/32=0%, Rehash=0, Collisions=0/0=0%
#  commands to execute (from `Makefile', line 34):
	@echo "${BIPurple}Preparing Libft...${Color_Off}"
	@mkdir -p $(DIR_OBJS) $(OBJS_DIRS)
	@$(CC) $(CFLAGS) $(INCLUDES) -c $< -o $@
	

# Not a target:
srcs/ft_printf/ft_putnbr.c:
#  Implicit rule search has been done.
#  Last modified 2022-07-16 14:56:02
#  File has been updated.
#  Successfully updated.
# variable set hash-table stats:
# Load=0/32=0%, Rehash=0, Collisions=0/0=0%

# Not a target:
srcs/str/ft_striteri.c:
#  Implicit rule search has been done.
#  Last modified 2022-07-16 14:55:17
#  File has been updated.
#  Successfully updated.
# variable set hash-table stats:
# Load=0/32=0%, Rehash=0, Collisions=0/0=0%

objs/put/ft_putstr_fd.o: srcs/put/ft_putstr_fd.c
#  Implicit rule search has been done.
#  Implicit/static pattern stem: `put/ft_putstr_fd'
#  Last modified 2022-07-21 14:43:32
#  File has been updated.
#  Successfully updated.
# variable set hash-table stats:
# Load=0/32=0%, Rehash=0, Collisions=0/0=0%
#  commands to execute (from `Makefile', line 34):
	@echo "${BIPurple}Preparing Libft...${Color_Off}"
	@mkdir -p $(DIR_OBJS) $(OBJS_DIRS)
	@$(CC) $(CFLAGS) $(INCLUDES) -c $< -o $@
	

objs/lst/ft_lstsize.o: srcs/lst/ft_lstsize.c
#  Implicit rule search has been done.
#  Implicit/static pattern stem: `lst/ft_lstsize'
#  Last modified 2022-07-21 14:43:32
#  File has been updated.
#  Successfully updated.
# variable set hash-table stats:
# Load=0/32=0%, Rehash=0, Collisions=0/0=0%
#  commands to execute (from `Makefile', line 34):
	@echo "${BIPurple}Preparing Libft...${Color_Off}"
	@mkdir -p $(DIR_OBJS) $(OBJS_DIRS)
	@$(CC) $(CFLAGS) $(INCLUDES) -c $< -o $@
	

# Not a target:
srcs/is/ft_isalnum.c:
#  Implicit rule search has been done.
#  Last modified 2022-07-16 14:55:17
#  File has been updated.
#  Successfully updated.
# variable set hash-table stats:
# Load=0/32=0%, Rehash=0, Collisions=0/0=0%

objs/is/ft_isascii.o: srcs/is/ft_isascii.c
#  Implicit rule search has been done.
#  Implicit/static pattern stem: `is/ft_isascii'
#  Last modified 2022-07-21 14:43:31
#  File has been updated.
#  Successfully updated.
# variable set hash-table stats:
# Load=0/32=0%, Rehash=0, Collisions=0/0=0%
#  commands to execute (from `Makefile', line 34):
	@echo "${BIPurple}Preparing Libft...${Color_Off}"
	@mkdir -p $(DIR_OBJS) $(OBJS_DIRS)
	@$(CC) $(CFLAGS) $(INCLUDES) -c $< -o $@
	

objs/str/ft_strncmp.o: srcs/str/ft_strncmp.c
#  Implicit rule search has been done.
#  Implicit/static pattern stem: `str/ft_strncmp'
#  Last modified 2022-07-21 14:43:32
#  File has been updated.
#  Successfully updated.
# variable set hash-table stats:
# Load=0/32=0%, Rehash=0, Collisions=0/0=0%
#  commands to execute (from `Makefile', line 34):
	@echo "${BIPurple}Preparing Libft...${Color_Off}"
	@mkdir -p $(DIR_OBJS) $(OBJS_DIRS)
	@$(CC) $(CFLAGS) $(INCLUDES) -c $< -o $@
	

# Not a target:
srcs/lst/ft_lstdelone.c:
#  Implicit rule search has been done.
#  Last modified 2022-07-16 14:55:17
#  File has been updated.
#  Successfully updated.
# variable set hash-table stats:
# Load=0/32=0%, Rehash=0, Collisions=0/0=0%

# Not a target:
srcs/lst/ft_lstnew.c:
#  Implicit rule search has been done.
#  Last modified 2022-07-16 14:55:17
#  File has been updated.
#  Successfully updated.
# variable set hash-table stats:
# Load=0/32=0%, Rehash=0, Collisions=0/0=0%

objs/str/ft_strlcpy.o: srcs/str/ft_strlcpy.c
#  Implicit rule search has been done.
#  Implicit/static pattern stem: `str/ft_strlcpy'
#  Last modified 2022-07-21 14:43:31
#  File has been updated.
#  Successfully updated.
# variable set hash-table stats:
# Load=0/32=0%, Rehash=0, Collisions=0/0=0%
#  commands to execute (from `Makefile', line 34):
	@echo "${BIPurple}Preparing Libft...${Color_Off}"
	@mkdir -p $(DIR_OBJS) $(OBJS_DIRS)
	@$(CC) $(CFLAGS) $(INCLUDES) -c $< -o $@
	

# Not a target:
srcs/int/ft_atoiof.c:
#  Implicit rule search has been done.
#  Last modified 2022-07-16 14:55:17
#  File has been updated.
#  Successfully updated.
# variable set hash-table stats:
# Load=0/32=0%, Rehash=0, Collisions=0/0=0%

 
objs/put/ft_putchar_fd.o: srcs/put/ft_putchar_fd.c
#  Implicit rule search has been done.
#  Implicit/static pattern stem: `put/ft_putchar_fd'
#  Last modified 2022-07-21 14:43:32
#  File has been updated.
#  Successfully updated.
# variable set hash-table stats:
# Load=0/32=0%, Rehash=0, Collisions=0/0=0%
#  commands to execute (from `Makefile', line 34):
	@echo "${BIPurple}Preparing Libft...${Color_Off}"
	@mkdir -p $(DIR_OBJS) $(OBJS_DIRS)
	@$(CC) $(CFLAGS) $(INCLUDES) -c $< -o $@
	

fclean: clean
#  Implicit rule search has not been done.
#  Modification time never checked.
#  File has not been updated.
#  commands to execute (from `Makefile', line 51):
	@$(RM) $(NAME)
	

objs/int/ft_itoa.o: srcs/int/ft_itoa.c
#  Implicit rule search has been done.
#  Implicit/static pattern stem: `int/ft_itoa'
#  Last modified 2022-07-21 14:43:33
#  File has been updated.
#  Successfully updated.
# variable set hash-table stats:
# Load=0/32=0%, Rehash=0, Collisions=0/0=0%
#  commands to execute (from `Makefile', line 34):
	@echo "${BIPurple}Preparing Libft...${Color_Off}"
	@mkdir -p $(DIR_OBJS) $(OBJS_DIRS)
	@$(CC) $(CFLAGS) $(INCLUDES) -c $< -o $@
	

objs/lst/ft_lstclear.o: srcs/lst/ft_lstclear.c
#  Implicit rule search has been done.
#  Implicit/static pattern stem: `lst/ft_lstclear'
#  Last modified 2022-07-21 14:43:32
#  File has been updated.
#  Successfully updated.
# variable set hash-table stats:
# Load=0/32=0%, Rehash=0, Collisions=0/0=0%
#  commands to execute (from `Makefile', line 34):
	@echo "${BIPurple}Preparing Libft...${Color_Off}"
	@mkdir -p $(DIR_OBJS) $(OBJS_DIRS)
	@$(CC) $(CFLAGS) $(INCLUDES) -c $< -o $@
	

# Not a target:
srcs/ft_printf/ft_crazy.c:
#  Implicit rule search has been done.
#  Last modified 2022-07-16 14:56:17
#  File has been updated.
#  Successfully updated.
# variable set hash-table stats:
# Load=0/32=0%, Rehash=0, Collisions=0/0=0%

objs/lst/ft_lstmap.o: srcs/lst/ft_lstmap.c
#  Implicit rule search has been done.
#  Implicit/static pattern stem: `lst/ft_lstmap'
#  Last modified 2022-07-21 14:43:32
#  File has been updated.
#  Successfully updated.
# variable set hash-table stats:
# Load=0/32=0%, Rehash=0, Collisions=0/0=0%
#  commands to execute (from `Makefile', line 34):
	@echo "${BIPurple}Preparing Libft...${Color_Off}"
	@mkdir -p $(DIR_OBJS) $(OBJS_DIRS)
	@$(CC) $(CFLAGS) $(INCLUDES) -c $< -o $@
	

objs/ft_printf/ft_putstr.o: srcs/ft_printf/ft_putstr.c
#  Implicit rule search has been done.
#  Implicit/static pattern stem: `ft_printf/ft_putstr'
#  Last modified 2022-07-21 14:43:33
#  File has been updated.
#  Successfully updated.
# variable set hash-table stats:
# Load=0/32=0%, Rehash=0, Collisions=0/0=0%
#  commands to execute (from `Makefile', line 34):
	@echo "${BIPurple}Preparing Libft...${Color_Off}"
	@mkdir -p $(DIR_OBJS) $(OBJS_DIRS)
	@$(CC) $(CFLAGS) $(INCLUDES) -c $< -o $@
	

# Not a target:
srcs/memory/ft_bzero.c:
#  Implicit rule search has been done.
#  Last modified 2022-07-16 14:55:17
#  File has been updated.
#  Successfully updated.
# variable set hash-table stats:
# Load=0/32=0%, Rehash=0, Collisions=0/0=0%

# Not a target:
srcs/int/ft_atoi.c:
#  Implicit rule search has been done.
#  Last modified 2022-07-16 14:55:17
#  File has been updated.
#  Successfully updated.
# variable set hash-table stats:
# Load=0/32=0%, Rehash=0, Collisions=0/0=0%

# Not a target:
srcs/str/ft_substr.c:
#  Implicit rule search has been done.
#  Last modified 2022-07-16 14:55:17
#  File has been updated.
#  Successfully updated.
# variable set hash-table stats:
# Load=0/32=0%, Rehash=0, Collisions=0/0=0%

objs/str/ft_strdup.o: srcs/str/ft_strdup.c
#  Implicit rule search has been done.
#  Implicit/static pattern stem: `str/ft_strdup'
#  Last modified 2022-07-21 14:43:31
#  File has been updated.
#  Successfully updated.
# variable set hash-table stats:
# Load=0/32=0%, Rehash=0, Collisions=0/0=0%
#  commands to execute (from `Makefile', line 34):
	@echo "${BIPurple}Preparing Libft...${Color_Off}"
	@mkdir -p $(DIR_OBJS) $(OBJS_DIRS)
	@$(CC) $(CFLAGS) $(INCLUDES) -c $< -o $@
	

# Not a target:
srcs/mem/ft_memmove.c:
#  Implicit rule search has been done.
#  Last modified 2022-07-16 14:55:17
#  File has been updated.
#  Successfully updated.
# variable set hash-table stats:
# Load=0/32=0%, Rehash=0, Collisions=0/0=0%

objs/lst/ft_lstadd_front.o: srcs/lst/ft_lstadd_front.c
#  Implicit rule search has been done.
#  Implicit/static pattern stem: `lst/ft_lstadd_front'
#  Last modified 2022-07-21 14:43:32
#  File has been updated.
#  Successfully updated.
# variable set hash-table stats:
# Load=0/32=0%, Rehash=0, Collisions=0/0=0%
#  commands to execute (from `Makefile', line 34):
	@echo "${BIPurple}Preparing Libft...${Color_Off}"
	@mkdir -p $(DIR_OBJS) $(OBJS_DIRS)
	@$(CC) $(CFLAGS) $(INCLUDES) -c $< -o $@
	

objs/memory/ft_calloc.o: srcs/memory/ft_calloc.c
#  Implicit rule search has been done.
#  Implicit/static pattern stem: `memory/ft_calloc'
#  Last modified 2022-07-21 14:43:33
#  File has been updated.
#  Successfully updated.
# variable set hash-table stats:
# Load=0/32=0%, Rehash=0, Collisions=0/0=0%
#  commands to execute (from `Makefile', line 34):
	@echo "${BIPurple}Preparing Libft...${Color_Off}"
	@mkdir -p $(DIR_OBJS) $(OBJS_DIRS)
	@$(CC) $(CFLAGS) $(INCLUDES) -c $< -o $@
	

objs/str/ft_strchr.o: srcs/str/ft_strchr.c
#  Implicit rule search has been done.
#  Implicit/static pattern stem: `str/ft_strchr'
#  Last modified 2022-07-21 14:43:31
#  File has been updated.
#  Successfully updated.
# variable set hash-table stats:
# Load=0/32=0%, Rehash=0, Collisions=0/0=0%
#  commands to execute (from `Makefile', line 34):
	@echo "${BIPurple}Preparing Libft...${Color_Off}"
	@mkdir -p $(DIR_OBJS) $(OBJS_DIRS)
	@$(CC) $(CFLAGS) $(INCLUDES) -c $< -o $@
	

objs/put/ft_putendl_fd.o: srcs/put/ft_putendl_fd.c
#  Implicit rule search has been done.
#  Implicit/static pattern stem: `put/ft_putendl_fd'
#  Last modified 2022-07-21 14:43:32
#  File has been updated.
#  Successfully updated.
# variable set hash-table stats:
# Load=0/32=0%, Rehash=0, Collisions=0/0=0%
#  commands to execute (from `Makefile', line 34):
	@echo "${BIPurple}Preparing Libft...${Color_Off}"
	@mkdir -p $(DIR_OBJS) $(OBJS_DIRS)
	@$(CC) $(CFLAGS) $(INCLUDES) -c $< -o $@
	

# Not a target:
srcs/put/ft_putstr_fd.c:
#  Implicit rule search has been done.
#  Last modified 2022-07-16 14:55:17
#  File has been updated.
#  Successfully updated.
# variable set hash-table stats:
# Load=0/32=0%, Rehash=0, Collisions=0/0=0%

objs/ft_printf/ft_putchar.o: srcs/ft_printf/ft_putchar.c
#  Implicit rule search has been done.
#  Implicit/static pattern stem: `ft_printf/ft_putchar'
#  Last modified 2022-07-21 14:43:33
#  File has been updated.
#  Successfully updated.
# variable set hash-table stats:
# Load=0/32=0%, Rehash=0, Collisions=0/0=0%
#  commands to execute (from `Makefile', line 34):
	@echo "${BIPurple}Preparing Libft...${Color_Off}"
	@mkdir -p $(DIR_OBJS) $(OBJS_DIRS)
	@$(CC) $(CFLAGS) $(INCLUDES) -c $< -o $@
	

# Not a target:
.DEFAULT:
#  Implicit rule search has not been done.
#  Modification time never checked.
#  File has not been updated.

# Not a target:
srcs/lst/ft_lstsize.c:
#  Implicit rule search has been done.
#  Last modified 2022-07-16 14:55:17
#  File has been updated.
#  Successfully updated.
# variable set hash-table stats:
# Load=0/32=0%, Rehash=0, Collisions=0/0=0%

objs/is/ft_isdigit.o: srcs/is/ft_isdigit.c
#  Implicit rule search has been done.
#  Implicit/static pattern stem: `is/ft_isdigit'
#  Last modified 2022-07-21 14:43:31
#  File has been updated.
#  Successfully updated.
# variable set hash-table stats:
# Load=0/32=0%, Rehash=0, Collisions=0/0=0%
#  commands to execute (from `Makefile', line 34):
	@echo "${BIPurple}Preparing Libft...${Color_Off}"
	@mkdir -p $(DIR_OBJS) $(OBJS_DIRS)
	@$(CC) $(CFLAGS) $(INCLUDES) -c $< -o $@
	

objs/str/ft_strnstr.o: srcs/str/ft_strnstr.c
#  Implicit rule search has been done.
#  Implicit/static pattern stem: `str/ft_strnstr'
#  Last modified 2022-07-21 14:43:32
#  File has been updated.
#  Successfully updated.
# variable set hash-table stats:
# Load=0/32=0%, Rehash=0, Collisions=0/0=0%
 
#  commands to execute (from `Makefile', line 34):
	@echo "${BIPurple}Preparing Libft...${Color_Off}"
	@mkdir -p $(DIR_OBJS) $(OBJS_DIRS)
	@$(CC) $(CFLAGS) $(INCLUDES) -c $< -o $@
	

# Not a target:
srcs/is/ft_isascii.c:
#  Implicit rule search has been done.
#  Last modified 2022-07-16 14:55:17
#  File has been updated.
#  Successfully updated.
# variable set hash-table stats:
# Load=0/32=0%, Rehash=0, Collisions=0/0=0%

objs/is/ft_isspace.o: srcs/is/ft_isspace.c
#  Implicit rule search has been done.
#  Implicit/static pattern stem: `is/ft_isspace'
#  Last modified 2022-07-21 14:43:31
#  File has been updated.
#  Successfully updated.
# variable set hash-table stats:
# Load=0/32=0%, Rehash=0, Collisions=0/0=0%
#  commands to execute (from `Makefile', line 34):
	@echo "${BIPurple}Preparing Libft...${Color_Off}"
	@mkdir -p $(DIR_OBJS) $(OBJS_DIRS)
	@$(CC) $(CFLAGS) $(INCLUDES) -c $< -o $@
	

# Not a target:
srcs/ft_printf/ft_printf.c:
#  Implicit rule search has been done.
#  Last modified 2022-07-16 14:56:15
#  File has been updated.
#  Successfully updated.
# variable set hash-table stats:
# Load=0/32=0%, Rehash=0, Collisions=0/0=0%

# Not a target:
srcs/str/ft_strlcpy.c:
#  Implicit rule search has been done.
#  Last modified 2022-07-16 14:55:17
#  File has been updated.
#  Successfully updated.
# variable set hash-table stats:
# Load=0/32=0%, Rehash=0, Collisions=0/0=0%

re: fclean all
#  Implicit rule search has not been done.
#  Modification time never checked.
#  File has not been updated.

objs/mem/ft_memcpy.o: srcs/mem/ft_memcpy.c
#  Implicit rule search has been done.
#  Implicit/static pattern stem: `mem/ft_memcpy'
#  Last modified 2022-07-21 14:43:31
#  File has been updated.
#  Successfully updated.
# variable set hash-table stats:
# Load=0/32=0%, Rehash=0, Collisions=0/0=0%
#  commands to execute (from `Makefile', line 34):
	@echo "${BIPurple}Preparing Libft...${Color_Off}"
	@mkdir -p $(DIR_OBJS) $(OBJS_DIRS)
	@$(CC) $(CFLAGS) $(INCLUDES) -c $< -o $@
	

# Not a target:
srcs/put/ft_putchar_fd.c:
#  Implicit rule search has been done.
#  Last modified 2022-07-16 14:55:17
#  File has been updated.
#  Successfully updated.
# variable set hash-table stats:
# Load=0/32=0%, Rehash=0, Collisions=0/0=0%

objs/is/ft_isdigitneg.o: srcs/is/ft_isdigitneg.c
#  Implicit rule search has been done.
#  Implicit/static pattern stem: `is/ft_isdigitneg'
#  Last modified 2022-07-21 14:43:31
#  File has been updated.
#  Successfully updated.
# variable set hash-table stats:
# Load=0/32=0%, Rehash=0, Collisions=0/0=0%
#  commands to execute (from `Makefile', line 34):
	@echo "${BIPurple}Preparing Libft...${Color_Off}"
	@mkdir -p $(DIR_OBJS) $(OBJS_DIRS)
	@$(CC) $(CFLAGS) $(INCLUDES) -c $< -o $@
	

objs/mem/ft_memcmp.o: srcs/mem/ft_memcmp.c
#  Implicit rule search has been done.
#  Implicit/static pattern stem: `mem/ft_memcmp'
#  Last modified 2022-07-21 14:43:31
#  File has been updated.
#  Successfully updated.
# variable set hash-table stats:
# Load=0/32=0%, Rehash=0, Collisions=0/0=0%
#  commands to execute (from `Makefile', line 34):
	@echo "${BIPurple}Preparing Libft...${Color_Off}"
	@mkdir -p $(DIR_OBJS) $(OBJS_DIRS)
	@$(CC) $(CFLAGS) $(INCLUDES) -c $< -o $@
	

# Not a target:
srcs/str/ft_strncmp.c:
#  Implicit rule search has been done.
#  Last modified 2022-07-16 14:55:17
#  File has been updated.
#  Successfully updated.
# variable set hash-table stats:
# Load=0/32=0%, Rehash=0, Collisions=0/0=0%

# Not a target:
srcs/int/ft_itoa.c:
#  Implicit rule search has been done.
#  Last modified 2022-07-16 14:55:17
#  File has been updated.
#  Successfully updated.
# variable set hash-table stats:
# Load=0/32=0%, Rehash=0, Collisions=0/0=0%

clean:
#  Implicit rule search has not been done.
#  Modification time never checked.
#  File has not been updated.
#  commands to execute (from `Makefile', line 46):
	@echo "${BIRed}Libft Cleaned!${Color_Off}"
	@$(RM) $(OBJS)
	@$(RM) -r $(DIR_OBJS)
	

# Not a target:
srcs/lst/ft_lstmap.c:
#  Implicit rule search has been done.
#  Last modified 2022-07-16 14:55:17
#  File has been updated.
#  Successfully updated.
# variable set hash-table stats:
# Load=0/32=0%, Rehash=0, Collisions=0/0=0%

objs/ft_printf/ft_putpointer.o: srcs/ft_printf/ft_putpointer.c
#  Implicit rule search has been done.
#  Implicit/static pattern stem: `ft_printf/ft_putpointer'
#  Last modified 2022-07-21 14:43:33
#  File has been updated.
#  Successfully updated.
# variable set hash-table stats:
# Load=0/32=0%, Rehash=0, Collisions=0/0=0%
#  commands to execute (from `Makefile', line 34):
	@echo "${BIPurple}Preparing Libft...${Color_Off}"
	@mkdir -p $(DIR_OBJS) $(OBJS_DIRS)
	@$(CC) $(CFLAGS) $(INCLUDES) -c $< -o $@
	

objs/to/ft_toupper.o: srcs/to/ft_toupper.c
#  Implicit rule search has been done.
#  Implicit/static pattern stem: `to/ft_toupper'
#  Last modified 2022-07-21 14:43:31
#  File has been updated.
#  Successfully updated.
# variable set hash-table stats:
# Load=0/32=0%, Rehash=0, Collisions=0/0=0%
#  commands to execute (from `Makefile', line 34):
	@echo "${BIPurple}Preparing Libft...${Color_Off}"
	@mkdir -p $(DIR_OBJS) $(OBJS_DIRS)
	@$(CC) $(CFLAGS) $(INCLUDES) -c $< -o $@
	

# Not a target:
srcs/ft_printf/ft_putstr.c:
#  Implicit rule search has been done.
#  Last modified 2022-07-16 14:55:54
#  File has been updated.
#  Successfully updated.
# variable set hash-table stats:
# Load=0/32=0%, Rehash=0, Collisions=0/0=0%

objs/mem/ft_memchr.o: srcs/mem/ft_memchr.c
#  Implicit rule search has been done.
#  Implicit/static pattern stem: `mem/ft_memchr'
#  Last modified 2022-07-21 14:43:31
#  File has been updated.
#  Successfully updated.
# variable set hash-table stats:
# Load=0/32=0%, Rehash=0, Collisions=0/0=0%
#  commands to execute (from `Makefile', line 34):
	@echo "${BIPurple}Preparing Libft...${Color_Off}"
	@mkdir -p $(DIR_OBJS) $(OBJS_DIRS)
	@$(CC) $(CFLAGS) $(INCLUDES) -c $< -o $@
	

# Not a target:
srcs/str/ft_strdup.c:
#  Implicit rule search has been done.
#  Last modified 2022-07-16 14:55:17
#  File has been updated.
#  Successfully updated.
# variable set hash-table stats:
# Load=0/32=0%, Rehash=0, Collisions=0/0=0%

objs/mem/ft_memset.o: srcs/mem/ft_memset.c
#  Implicit rule search has been done.
#  Implicit/static pattern stem: `mem/ft_memset'
#  Last modified 2022-07-21 14:43:31
#  File has been updated.
#  Successfully updated.
# variable set hash-table stats:
# Load=0/32=0%, Rehash=0, Collisions=0/0=0%
#  commands to execute (from `Makefile', line 34):
	@echo "${BIPurple}Preparing Libft...${Color_Off}"
	@mkdir -p $(DIR_OBJS) $(OBJS_DIRS)
	@$(CC) $(CFLAGS) $(INCLUDES) -c $< -o $@
	

# Not a target:
srcs/lst/ft_lstadd_front.c:
#  Implicit rule search has been done.
#  Last modified 2022-07-16 14:55:17
#  File has been updated.
#  Successfully updated.
# variable set hash-table stats:
# Load=0/32=0%, Rehash=0, Collisions=0/0=0%

# Not a target:
srcs/memory/ft_calloc.c:
#  Implicit rule search has been done.
#  Last modified 2022-07-16 14:55:17
#  File has been updated.
#  Successfully updated.
# variable set hash-table stats:
# Load=0/32=0%, Rehash=0, Collisions=0/0=0%

# Not a target:
srcs/lst/ft_lstclear.c:
#  Implicit rule search has been done.
#  Last modified 2022-07-16 14:55:17
#  File has been updated.
#  Successfully updated.
# variable set hash-table stats:
# Load=0/32=0%, Rehash=0, Collisions=0/0=0%

objs/str/ft_strtrim.o: srcs/str/ft_strtrim.c
#  Implicit rule search has been done.
#  Implicit/static pattern stem: `str/ft_strtrim'
#  Last modified 2022-07-21 14:43:32
#  File has been updated.
#  Successfully updated.
# variable set hash-table stats:
# Load=0/32=0%, Rehash=0, Collisions=0/0=0%
#  commands to execute (from `Makefile', line 34):
	@echo "${BIPurple}Preparing Libft...${Color_Off}"
	@mkdir -p $(DIR_OBJS) $(OBJS_DIRS)
	@$(CC) $(CFLAGS) $(INCLUDES) -c $< -o $@
	

# Not a target:
srcs/str/ft_strchr.c:
#  Implicit rule search has been done.
#  Last modified 2022-07-16 14:55:17
#  File has been updated.
#  Successfully updated.
# variable set hash-table stats:
# Load=0/32=0%, Rehash=0, Collisions=0/0=0%

# Not a target:
srcs/put/ft_putendl_fd.c:
#  Implicit rule search has been done.
 
#  Last modified 2022-07-16 14:55:17
#  File has been updated.
#  Successfully updated.
# variable set hash-table stats:
# Load=0/32=0%, Rehash=0, Collisions=0/0=0%

# Not a target:
srcs/ft_printf/ft_putchar.c:
#  Implicit rule search has been done.
#  Last modified 2022-07-16 14:56:15
#  File has been updated.
#  Successfully updated.
# variable set hash-table stats:
# Load=0/32=0%, Rehash=0, Collisions=0/0=0%

objs/memory/ft_free.o: srcs/memory/ft_free.c
#  Implicit rule search has been done.
#  Implicit/static pattern stem: `memory/ft_free'
#  Last modified 2022-07-21 14:43:33
#  File has been updated.
#  Successfully updated.
# variable set hash-table stats:
# Load=0/32=0%, Rehash=0, Collisions=0/0=0%
#  commands to execute (from `Makefile', line 34):
	@echo "${BIPurple}Preparing Libft...${Color_Off}"
	@mkdir -p $(DIR_OBJS) $(OBJS_DIRS)
	@$(CC) $(CFLAGS) $(INCLUDES) -c $< -o $@
	

# Not a target:
srcs/is/ft_isdigit.c:
#  Implicit rule search has been done.
#  Last modified 2022-06-11 14:38:40
#  File has been updated.
#  Successfully updated.
# variable set hash-table stats:
# Load=0/32=0%, Rehash=0, Collisions=0/0=0%

objs/lst/ft_lstadd_back.o: srcs/lst/ft_lstadd_back.c
#  Implicit rule search has been done.
#  Implicit/static pattern stem: `lst/ft_lstadd_back'
#  Last modified 2022-07-21 14:43:32
#  File has been updated.
#  Successfully updated.
# variable set hash-table stats:
# Load=0/32=0%, Rehash=0, Collisions=0/0=0%
#  commands to execute (from `Makefile', line 34):
	@echo "${BIPurple}Preparing Libft...${Color_Off}"
	@mkdir -p $(DIR_OBJS) $(OBJS_DIRS)
	@$(CC) $(CFLAGS) $(INCLUDES) -c $< -o $@
	

objs/is/ft_isprint.o: srcs/is/ft_isprint.c
#  Implicit rule search has been done.
#  Implicit/static pattern stem: `is/ft_isprint'
#  Last modified 2022-07-21 14:43:31
#  File has been updated.
#  Successfully updated.
# variable set hash-table stats:
# Load=0/32=0%, Rehash=0, Collisions=0/0=0%
#  commands to execute (from `Makefile', line 34):
	@echo "${BIPurple}Preparing Libft...${Color_Off}"
	@mkdir -p $(DIR_OBJS) $(OBJS_DIRS)
	@$(CC) $(CFLAGS) $(INCLUDES) -c $< -o $@
	

objs/str/ft_strmapi.o: srcs/str/ft_strmapi.c
#  Implicit rule search has been done.
#  Implicit/static pattern stem: `str/ft_strmapi'
#  Last modified 2022-07-21 14:43:32
#  File has been updated.
#  Successfully updated.
# variable set hash-table stats:
# Load=0/32=0%, Rehash=0, Collisions=0/0=0%
#  commands to execute (from `Makefile', line 34):
	@echo "${BIPurple}Preparing Libft...${Color_Off}"
	@mkdir -p $(DIR_OBJS) $(OBJS_DIRS)
	@$(CC) $(CFLAGS) $(INCLUDES) -c $< -o $@
	

# Not a target:
srcs/str/ft_strnstr.c:
#  Implicit rule search has been done.
#  Last modified 2022-07-16 14:55:17
#  File has been updated.
#  Successfully updated.
# variable set hash-table stats:
# Load=0/32=0%, Rehash=0, Collisions=0/0=0%

# Not a target:
srcs/is/ft_isspace.c:
#  Implicit rule search has been done.
#  Last modified 2022-07-16 14:55:17
#  File has been updated.
#  Successfully updated.
# variable set hash-table stats:
# Load=0/32=0%, Rehash=0, Collisions=0/0=0%

objs/lst/ft_lstiter.o: srcs/lst/ft_lstiter.c
#  Implicit rule search has been done.
#  Implicit/static pattern stem: `lst/ft_lstiter'
#  Last modified 2022-07-21 14:43:32
#  File has been updated.
#  Successfully updated.
# variable set hash-table stats:
# Load=0/32=0%, Rehash=0, Collisions=0/0=0%
#  commands to execute (from `Makefile', line 34):
	@echo "${BIPurple}Preparing Libft...${Color_Off}"
	@mkdir -p $(DIR_OBJS) $(OBJS_DIRS)
	@$(CC) $(CFLAGS) $(INCLUDES) -c $< -o $@
	

# Not a target:
srcs/mem/ft_memcpy.c:
#  Implicit rule search has been done.
#  Last modified 2022-07-16 14:55:17
#  File has been updated.
#  Successfully updated.
# variable set hash-table stats:
# Load=0/32=0%, Rehash=0, Collisions=0/0=0%

# Not a target:
srcs/is/ft_isdigitneg.c:
#  Implicit rule search has been done.
#  Last modified 2022-07-16 14:55:17
#  File has been updated.
#  Successfully updated.
# variable set hash-table stats:
# Load=0/32=0%, Rehash=0, Collisions=0/0=0%

# Not a target:
srcs/mem/ft_memcmp.c:
#  Implicit rule search has been done.
#  Last modified 2022-07-16 14:55:17
#  File has been updated.
#  Successfully updated.
# variable set hash-table stats:
# Load=0/32=0%, Rehash=0, Collisions=0/0=0%

objs/str/ft_strlen.o: srcs/str/ft_strlen.c
#  Implicit rule search has been done.
#  Implicit/static pattern stem: `str/ft_strlen'
#  Last modified 2022-07-21 14:43:32
#  File has been updated.
#  Successfully updated.
# variable set hash-table stats:
# Load=0/32=0%, Rehash=0, Collisions=0/0=0%
#  commands to execute (from `Makefile', line 34):
	@echo "${BIPurple}Preparing Libft...${Color_Off}"
	@mkdir -p $(DIR_OBJS) $(OBJS_DIRS)
	@$(CC) $(CFLAGS) $(INCLUDES) -c $< -o $@
	

# Not a target:
srcs/ft_printf/ft_putpointer.c:
#  Implicit rule search has been done.
#  Last modified 2022-07-16 14:55:57
#  File has been updated.
#  Successfully updated.
# variable set hash-table stats:
# Load=0/32=0%, Rehash=0, Collisions=0/0=0%

# Not a target:
srcs/to/ft_toupper.c:
#  Implicit rule search has been done.
#  Last modified 2022-07-16 14:55:17
#  File has been updated.
#  Successfully updated.
# variable set hash-table stats:
# Load=0/32=0%, Rehash=0, Collisions=0/0=0%

objs/gnl/get_next_line.o: srcs/gnl/get_next_line.c
#  Implicit rule search has been done.
#  Implicit/static pattern stem: `gnl/get_next_line'
#  Last modified 2022-07-21 14:43:33
#  File has been updated.
#  Successfully updated.
# variable set hash-table stats:
# Load=0/32=0%, Rehash=0, Collisions=0/0=0%
#  commands to execute (from `Makefile', line 34):
	@echo "${BIPurple}Preparing Libft...${Color_Off}"
	@mkdir -p $(DIR_OBJS) $(OBJS_DIRS)
	@$(CC) $(CFLAGS) $(INCLUDES) -c $< -o $@
	

# Not a target:
srcs/mem/ft_memchr.c:
#  Implicit rule search has been done.
#  Last modified 2022-07-16 14:55:17
#  File has been updated.
#  Successfully updated.
# variable set hash-table stats:
# Load=0/32=0%, Rehash=0, Collisions=0/0=0%

# Not a target:
srcs/mem/ft_memset.c:
#  Implicit rule search has been done.
#  Last modified 2022-07-16 14:55:17
#  File has been updated.
#  Successfully updated.
# variable set hash-table stats:
# Load=0/32=0%, Rehash=0, Collisions=0/0=0%

norme:
#  Implicit rule search has not been done.
#  Modification time never checked.
#  File has not been updated.
#  commands to execute (from `Makefile', line 56):
	norminette -R CheckForbiddenSourceHeader ${wildcard srcs/*.c} ${wildcard srcs/*.h}
	

# Not a target:
srcs/str/ft_strtrim.c:
#  Implicit rule search has been done.
#  Last modified 2022-07-16 14:55:17
#  File has been updated.
#  Successfully updated.
# variable set hash-table stats:
# Load=0/32=0%, Rehash=0, Collisions=0/0=0%

objs/lst/ft_lstlast.o: srcs/lst/ft_lstlast.c
#  Implicit rule search has been done.
#  Implicit/static pattern stem: `lst/ft_lstlast'
#  Last modified 2022-07-21 14:43:32
#  File has been updated.
#  Successfully updated.
# variable set hash-table stats:
# Load=0/32=0%, Rehash=0, Collisions=0/0=0%
#  commands to execute (from `Makefile', line 34):
	@echo "${BIPurple}Preparing Libft...${Color_Off}"
	@mkdir -p $(DIR_OBJS) $(OBJS_DIRS)
	@$(CC) $(CFLAGS) $(INCLUDES) -c $< -o $@
	

# Not a target:
srcs/memory/ft_free.c:
#  Implicit rule search has been done.
#  Last modified 2022-07-16 14:55:17
#  File has been updated.
#  Successfully updated.
# variable set hash-table stats:
# Load=0/32=0%, Rehash=0, Collisions=0/0=0%

# files hash-table stats:
# Load=127/1024=12%, Rehash=0, Collisions=20/379=5%
# VPATH Search Paths

# No `vpath' search paths.

# No general (`VPATH' variable) search path.

# # of strings in strcache: 1
# # of strcache buffers: 1
# strcache size: total = 4096 / max = 4096 / min = 4096 / avg = 4096
# strcache free: total = 4087 / max = 4087 / min = 4087 / avg = 4087

# Finished Make data base on Tue Aug  9 11:18:41 2022


# Make data base, printed on Tue Aug  9 11:18:41 2022

# Variables

# environment
VSCODE_GIT_ASKPASS_MAIN = /Users/aalseri/Applications/Visual Studio Code.app/Contents/Resources/app/extensions/git/dist/askpass-main.js
# automatic
<D = $(patsubst %/,%,$(dir $<))
# automatic
?F = $(notdir $?)
 
# environment
ELECTRON_NO_ATTACH_CONSOLE = 1
# makefile (from `Makefile', line 126)
On_IRed = \033[0;101m     
# environment
VSCODE_LOG_NATIVE = false
# makefile (from `Makefile', line 106)
IRed = \033[0;91m         
# automatic
?D = $(patsubst %/,%,$(dir $?))
# makefile (from `Makefile', line 27)
INCLUDES = -I ./srcs
# automatic
@D = $(patsubst %/,%,$(dir $@))
# automatic
@F = $(notdir $@)
# makefile
CURDIR := /Users/aalseri/Desktop/pipex
# makefile (from `Makefile', line 75)
Black = \033[0;30m        
# makefile
SHELL = /bin/sh
# makefile (from `Makefile', line 118)
BIYellow = \033[1;93m     
# environment
VSCODE_NLS_CONFIG = {"locale":"en-us","availableLanguages":{},"_languagePackSupport":true}
# environment
_ = /usr/bin/make
# environment
__GIT_PROMPT_DIR = /Users/aalseri/.oh-my-zsh/zsh-git-prompt
# makefile (from `Makefile', line 29)
CFLAGS = -Wall -Wextra -Werror
# makefile (from `Makefile', line 77)
Green = \033[0;32m        
# makefile (from `Makefile', line 120)
BIPurple = \033[1;95m     
# makefile (from `Makefile', line 130)
On_IPurple = \033[10;95m  
# makefile (from `Makefile', line 82)
White = \033[0;37m        
# makefile (from `Makefile', line 79)
Blue = \033[0;34m         
# makefile (from `Makefile', line 1)
MAKEFILE_LIST :=  Makefile
# makefile (from `Makefile', line 24)
SRCS = $(foreach dir, $(SRCS_DIRS), $(wildcard $(dir)/*.c))
# makefile (from `Makefile', line 122)
BIWhite = \033[1;97m      
# environment
GIT_PROMPT_EXECUTABLE = python
# environment
VSCODE_VERBOSE_LOGGING = true
# makefile (from `Makefile', line 116)
BIRed = \033[1;91m        
# makefile (from `Makefile', line 25)
OBJS = $(subst $(DIR_SRCS), $(DIR_OBJS), $(SRCS:.c=.o))
# environment
VSCODE_IPC_HOOK_EXTHOST = /var/folders/zz/zyxvpxvq6csfxvn_n000ccbm00332x/T/vscode-ipc-f9c6241c-34d6-48e8-9a99-f8af6eb72e69.sock
# environment
VSCODE_CWD = /Users/aalseri/Desktop/pipex
# makefile (from `Makefile', line 107)
IGreen = \033[0;92m       
# makefile (from `Makefile', line 76)
Red = \033[0;31m         
# makefile (from `Makefile', line 112)
IWhite = \033[0;97m       
# environment
PATH = /Users/aalseri/goinfre/.brew/bin:/usr/local/bin:/usr/bin:/bin:/usr/sbin:/sbin:/usr/local/munki:/Users/aalseri/goinfre/.brew/bin:/Users/aalseri/Desktop/tools/42-ValgrindContainer:/Users/aalseri/Desktop/tools/42-ValgrindContainer
# makefile (from `Makefile', line 19)
DIR_OBJS = objs
# environment
LSCOLORS = Gxfxcxdxbxegedabagacad
# makefile (from `Makefile', line 128)
On_IYellow = \033[0;103m  
# makefile (from `Makefile', line 85)
BBlack = \033[1;30m       
# environment
VSCODE_LOG_STACK = false
# environment
ELECTRON_RUN_AS_NODE = 1
# default
.FEATURES := target-specific order-only second-expansion else-if archives jobserver check-symlink
# makefile (from `Makefile', line 87)
BGreen = \033[1;32m       
# makefile (from `Makefile', line 105)
IBlack = \033[0;90m       
# makefile (from `Makefile', line 91)
BCyan = \033[1;36m        
# makefile (from `Makefile', line 92)
BWhite = \033[1;37m       
# environment
SSH_AUTH_SOCK = /private/tmp/com.apple.launchd.NqmkkJHacE/Listeners
# makefile (from `Makefile', line 23)
OBJS_DIRS = $(foreach dir, $(SUBDIRS), $(addprefix $(DIR_OBJS)/, $(dir)))
# automatic
%F = $(notdir $%)
# environment
HOMEBREW_TEMP = /tmp/aalseri/Homebrew/Temp
# makefile (from `Makefile', line 89)
BBlue = \033[1;34m        
# environment
VSCODE_PIPE_LOGGING = true
# makefile (from `Makefile', line 111)
ICyan = \033[0;96m        
# makefile (from `Makefile', line 109)
IBlue = \033[0;94m        
# environment
PWD = /Users/aalseri/Desktop/pipex
# makefile (from `Makefile', line 88)
BYellow = \033[1;33m      
# makefile (from `Makefile', line 95)
On_Black = \033[40m       
# environment
ORIGINAL_XDG_CURRENT_DESKTOP = undefined
# makefile (from `Makefile', line 22)
SRCS_DIRS = $(foreach dir, $(SUBDIRS), $(addprefix $(DIR_SRCS)/, $(dir)))
# environment
VSCODE_AMD_ENTRYPOINT = vs/workbench/api/node/extensionHostProcess
# environment
HOME = /Users/aalseri
# default
MAKEFILEPATH = $(shell /usr/bin/xcode-select -print-path 2>/dev/null || echo /Developer)/Makefiles
# environment
VSCODE_CLI = 1
# makefile (from `Makefile', line 86)
BRed = \033[1;31m         
# environment
VSCODE_CODE_CACHE_PATH = /Users/aalseri/Library/Application Support/Code/CachedData/30d9c6cd9483b2cc586687151bcbcd635f373630
# environment
LOGNAME = aalseri
# environment
APPLICATION_INSIGHTS_NO_DIAGNOSTIC_CHANNEL = 1
# environment
ZSH = /Users/aalseri/.oh-my-zsh
# environment
VSCODE_HANDLES_UNCAUGHT_ERRORS = true
# automatic
^D = $(patsubst %/,%,$(dir $^))
# makefile (from `Makefile', line 80)
Purple = \033[0;35m       
# environment
MAKELEVEL := 0
# environment
XPC_FLAGS = 0x0
# environment
COLORTERM = truecolor
# default
MAKE = $(MAKE_COMMAND)
# default
MAKECMDGOALS := all
# environment
HOMEBREW_CACHE = /tmp/aalseri/Homebrew/Caches
# environment
SHLVL = 3
# makefile (from `Makefile', line 101)
On_Cyan = \033[46m        
# makefile (from `Makefile', line 28)
CC = gcc
# makefile (from `Makefile', line 18)
DIR_SRCS = srcs
# default
MAKE_VERSION := 3.81
# makefile (from `Makefile', line 90)
BPurple = \033[1;35m      
# environment
USER = aalseri
# makefile (from `Makefile', line 96)
On_Red = \033[41m         
# makefile (from `Makefile', line 110)
IPurple = \033[0;95m      
# makefile
.DEFAULT_GOAL := all
# makefile (from `Makefile', line 13)
NAME = pipex
# makefile (from `Makefile', line 100)
On_Purple = \033[45m      
# environment
LESS = -R
# automatic
%D = $(patsubst %/,%,$(dir $%))
# makefile (from `Makefile', line 115)
BIBlack = \033[1;90m      
# makefile (from `Makefile', line 121)
BICyan = \033[1;96m       
# default
MAKE_COMMAND := /Library/Developer/CommandLineTools/usr/bin/make
# environment
VSCODE_GIT_ASKPASS_EXTRA_ARGS = --ms-enable-electron-run-as-node
# makefile (from `Makefile', line 98)
On_Yellow = \033[43m      
# environment
TERM_PROGRAM = vscode
# default
.VARIABLES := 
# environment
TMPDIR = /var/folders/zz/zyxvpxvq6csfxvn_n000ccbm00332x/T/
# automatic
*F = $(notdir $*)
# environment
VSCODE_IPC_HOOK = /Users/aalseri/Library/Application Support/Code/1.68.1-main.sock
# environment
VSCODE_GIT_ASKPASS_NODE = /Users/aalseri/Applications/Visual Studio Code.app/Contents/Frameworks/Code Helper.app/Contents/MacOS/Code Helper
# makefile
MAKEFLAGS = Rrqp
# makefile (from `Makefile', line 99)
On_Blue = \033[44m        
# environment
MFLAGS = -Rrqp
# automatic
*D = $(patsubst %/,%,$(dir $*))
# environment
TERM_PROGRAM_VERSION = 1.68.1
# makefile (from `Makefile', line 127)
On_IGreen = \033[0;102m   
# environment
XPC_SERVICE_NAME = 0
# automatic
+D = $(patsubst %/,%,$(dir $+))
# makefile (from `Makefile', line 132)
On_IWhite = \033[0;107m   
# automatic
+F = $(notdir $+)
# makefile (from `Makefile', line 78)
Yellow = \033[0;33m       
# environment
__CF_USER_TEXT_ENCODING = 0x18C5D:0x0:0x0
# environment
GIT_ASKPASS = /Users/aalseri/Applications/Visual Studio Code.app/Contents/Resources/app/extensions/git/dist/askpass.sh
# default
MAKEFILES := 
# automatic
<F = $(notdir $<)
# makefile (from `Makefile', line 81)
Cyan = \033[0;36m         
# makefile (from `Makefile', line 72)
Color_Off = \033[0m       
# environment
PAGER = less
# environment
LC_ALL = C
# makefile (from `Makefile', line 125)
On_IBlack = \033[0;100m   
# automatic
^F = $(notdir $^)
# makefile (from `Makefile', line 117)
BIGreen = \033[1;92m      
# default
SUFFIXES := 
# makefile (from `Makefile', line 131)
On_ICyan = \033[0;106m    
# makefile (from `Makefile', line 129)
On_IBlue = \033[0;104m    
# default
.INCLUDE_DIRS = /usr/local/include
# environment
VSCODE_GIT_IPC_HANDLE = /var/folders/zz/zyxvpxvq6csfxvn_n000ccbm00332x/T/vscode-git-bf9f8d3cc1.sock
# makefile (from `Makefile', line 108)
IYellow = \033[0;93m      
# makefile (from `Makefile', line 20)
SUBDIRS = err utils
# environment
LANG = C
# environment
TERM = xterm-256color
# makefile (from `Makefile', line 97)
On_Green = \033[42m      
# environment
VSCODE_PID = 43870
# makefile (from `Makefile', line 102)
On_White = \033[47m       
# makefile (from `Makefile', line 119)
BIBlue = \033[1;94m       
# variable set hash-table stats:
 
# Load=139/1024=14%, Rehash=0, Collisions=30/197=15%

# Pattern-specific Variable Values

# No pattern-specific variable values.

# Directories

# srcs/err (device 16777225, inode 953650): 3 files, no impossibilities.
# . (device 16777225, inode 877502): 11 files, no impossibilities.
# srcs/utils (device 16777225, inode 953653): 5 files, no impossibilities.
# srcs (device 16777225, inode 941011): No files, no impossibilities so far.

# 19 files, no impossibilities in 4 directories.

# Implicit Rules

objs/%.o: srcs/%.c
#  commands to execute (from `Makefile', line 32):
	@mkdir -p $(DIR_OBJS) $(OBJS_DIRS)
	@$(CC) $(CFLAGS) $(INCLUDES) -c $< -o $@
	

# 1 implicit rules, 0 (0.0%) terminal.

# Files

all: pipex
#  Command-line target.
#  Implicit rule search has been done.
#  File does not exist.
#  File has been updated.
#  Needs to be updated (-q is set).
# variable set hash-table stats:
# Load=0/32=0%, Rehash=0, Collisions=0/20=0%

objs/utils/main.o: srcs/utils/main.c
#  Implicit rule search has been done.
#  Implicit/static pattern stem: `utils/main'
#  Last modified 2022-07-21 14:43:30
#  File has been updated.
#  Successfully updated.
# variable set hash-table stats:
# Load=0/32=0%, Rehash=0, Collisions=0/0=0%
#  commands to execute (from `Makefile', line 32):
	@mkdir -p $(DIR_OBJS) $(OBJS_DIRS)
	@$(CC) $(CFLAGS) $(INCLUDES) -c $< -o $@
	

# Not a target:
.SUFFIXES:
#  Implicit rule search has not been done.
#  Modification time never checked.
#  File has not been updated.

objs/utils/pipex_utils1.o: srcs/utils/pipex_utils1.c
#  Implicit rule search has been done.
#  Implicit/static pattern stem: `utils/pipex_utils1'
#  Last modified 2022-07-21 14:43:30
#  File has been updated.
#  Successfully updated.
# variable set hash-table stats:
# Load=0/32=0%, Rehash=0, Collisions=0/0=0%
#  commands to execute (from `Makefile', line 32):
	@mkdir -p $(DIR_OBJS) $(OBJS_DIRS)
	@$(CC) $(CFLAGS) $(INCLUDES) -c $< -o $@
	

# Not a target:
Makefile:
#  Implicit rule search has been done.
#  Last modified 2022-07-16 14:55:17
#  File has been updated.
#  Successfully updated.
# variable set hash-table stats:
# Load=0/32=0%, Rehash=0, Collisions=0/0=0%

# Not a target:
srcs/utils/main.c:
#  Implicit rule search has been done.
#  Last modified 2022-07-16 14:55:17
#  File has been updated.
#  Successfully updated.
# variable set hash-table stats:
# Load=0/32=0%, Rehash=0, Collisions=0/0=0%

objs/err/error_handle.o: srcs/err/error_handle.c
#  Implicit rule search has been done.
#  Implicit/static pattern stem: `err/error_handle'
#  Last modified 2022-07-21 14:43:30
#  File has been updated.
#  Successfully updated.
# variable set hash-table stats:
# Load=0/32=0%, Rehash=0, Collisions=0/0=0%
#  commands to execute (from `Makefile', line 32):
	@mkdir -p $(DIR_OBJS) $(OBJS_DIRS)
	@$(CC) $(CFLAGS) $(INCLUDES) -c $< -o $@
	

# Not a target:
srcs/utils/pipex_utils1.c:
#  Implicit rule search has been done.
#  Last modified 2022-07-16 14:55:17
#  File has been updated.
#  Successfully updated.
# variable set hash-table stats:
# Load=0/32=0%, Rehash=0, Collisions=0/0=0%

fclean: clean
#  Implicit rule search has not been done.
#  Modification time never checked.
#  File has not been updated.
#  commands to execute (from `Makefile', line 48):
	@rm -rf ${NAME}
	@${MAKE} fclean --no-print-directory -C libft
	

party:
#  Implicit rule search has not been done.
#  Modification time never checked.
#  File has not been updated.
#  commands to execute (from `Makefile', line 58):
	@printf "\033c"
	@echo "\n\033[35m(o)  \033[1;33m(o)  \033[36m(o)  \033[34m(o)"
	@sleep 1
	@printf "\033c"
	@echo "\n\033[35m(o)  \033[1;33m(o)  \033[36m(o)  \033[34m(o)"
	@sleep 1
	@printf "\033c"
	@echo "\n\033[35m(o)  \033[1;33m(o)  \033[36m(o)  \033[34m(o)"
	@sleep 1
	@printf "\033c"
	@echo "\n\033[35m(o)  \033[1;33m(o)  \033[36m(o)  \033[34m(o)"
	${MAKE} party
	

objs/utils/pipex_utils2.o: srcs/utils/pipex_utils2.c
#  Implicit rule search has been done.
#  Implicit/static pattern stem: `utils/pipex_utils2'
#  Last modified 2022-07-21 14:43:30
#  File has been updated.
#  Successfully updated.
# variable set hash-table stats:
# Load=0/32=0%, Rehash=0, Collisions=0/0=0%
#  commands to execute (from `Makefile', line 32):
	@mkdir -p $(DIR_OBJS) $(OBJS_DIRS)
	@$(CC) $(CFLAGS) $(INCLUDES) -c $< -o $@
	

# Not a target:
.DEFAULT:
#  Implicit rule search has not been done.
#  Modification time never checked.
#  File has not been updated.

re: fclean all
#  Implicit rule search has not been done.
#  Modification time never checked.
#  File has not been updated.

# Not a target:
srcs/err/error_handle.c:
#  Implicit rule search has been done.
#  Last modified 2022-07-16 14:55:17
#  File has been updated.
#  Successfully updated.
# variable set hash-table stats:
# Load=0/32=0%, Rehash=0, Collisions=0/0=0%

clean:
#  Implicit rule search has not been done.
#  Modification time never checked.
#  File has not been updated.
#  commands to execute (from `Makefile', line 43):
	@echo "${BIRed}Cleaning!${Color_Off}"
	@${MAKE} --no-print-directory -i clean -C libft
	@rm -r ${DIR_OBJS}
	

# Not a target:
srcs/utils/pipex_utils2.c:
#  Implicit rule search has been done.
#  Last modified 2022-07-16 14:55:17
#  File has been updated.
#  Successfully updated.
# variable set hash-table stats:
# Load=0/32=0%, Rehash=0, Collisions=0/0=0%

norme:
#  Implicit rule search has not been done.
#  Modification time never checked.
#  File has not been updated.
#  commands to execute (from `Makefile', line 54):
	norminette -R CheckForbiddenSourceHeader ${wildcard *.c} ${wildcard *.h}
	

pipex: objs/err/error_handle.o objs/utils/main.o objs/utils/pipex_utils1.o objs/utils/pipex_utils2.o
#  Implicit rule search has not been done.
#  Implicit/static pattern stem: `'
#  Last modified 1970-01-01 03:59:56
#  File has been updated.
#  Needs to be updated (-q is set).
# automatic
# @ := pipex
# automatic
# % := 
# automatic
# * := 
# automatic
# + := objs/err/error_handle.o objs/utils/main.o objs/utils/pipex_utils1.o objs/utils/pipex_utils2.o
# automatic
# | := 
# automatic
# < := objs/err/error_handle.o
# automatic
# ^ := objs/err/error_handle.o objs/utils/main.o objs/utils/pipex_utils1.o objs/utils/pipex_utils2.o
# automatic
# ? := objs/err/error_handle.o objs/utils/main.o objs/utils/pipex_utils1.o objs/utils/pipex_utils2.o
# variable set hash-table stats:
# Load=8/32=25%, Rehash=0, Collisions=5/28=18%
#  commands to execute (from `Makefile', line 38):
	@${MAKE} --no-print-directory -C libft
	@${CC} ${CFLAGS} ${OBJS} ${INCLUDES} ./libft/libft.a -o ${NAME}
	@echo "${BIYellow}\nUseage \"./pipex (in_file) command command (out_file)\"${Color_Off}"
	

# files hash-table stats:
# Load=18/1024=2%, Rehash=0, Collisions=0/52=0%
# VPATH Search Paths

# No `vpath' search paths.

# No general (`VPATH' variable) search path.

# # of strings in strcache: 1
# # of strcache buffers: 1
# strcache size: total = 4096 / max = 4096 / min = 4096 / avg = 4096
# strcache free: total = 4087 / max = 4087 / min = 4087 / avg = 4087

# Finished Make data base on Tue Aug  9 11:18:41 2022

 
